#
# There is insufficient memory for the Java Runtime Environment to continue.
# Native memory allocation (malloc) failed to allocate 1791856 bytes for Chunk::new
# Possible reasons:
#   The system is out of physical RAM or swap space
#   The process is running with CompressedOops enabled, and the Java Heap may be blocking the growth of the native heap
# Possible solutions:
#   Reduce memory load on the system
#   Increase physical memory or swap space
#   Check if swap backing store is full
#   Decrease Java heap size (-Xmx/-Xms)
#   Decrease number of Java threads
#   Decrease Java thread stack sizes (-Xss)
#   Set larger code cache with -XX:ReservedCodeCacheSize=
#   JVM is running with Unscaled Compressed Oops mode in which the Java heap is
#     placed in the first 4GB address space. The Java Heap base address is the
#     maximum limit for the native heap growth. Please use -XX:HeapBaseMinAddress
#     to set the Java Heap base and to place the Java Heap above 4GB virtual address.
# This output file may be truncated or incomplete.
#
#  Out of Memory Error (src/hotspot/share/memory/arena.cpp:197), pid=8972, tid=12256
#
# JRE version: OpenJDK Runtime Environment (11.0.15) (build 11.0.15+0-b2043.56-9505619)
# Java VM: OpenJDK 64-Bit Server VM (11.0.15+0-b2043.56-9505619, mixed mode, tiered, compressed oops, g1 gc, windows-amd64)
# No core dump will be written. Minidumps are not enabled by default on client versions of Windows
#

---------------  S U M M A R Y ------------

Command Line: --add-opens=java.base/java.util=ALL-UNNAMED --add-opens=java.base/java.lang=ALL-UNNAMED --add-opens=java.base/java.lang.invoke=ALL-UNNAMED --add-opens=java.base/java.util=ALL-UNNAMED --add-opens=java.prefs/java.util.prefs=ALL-UNNAMED --add-opens=java.prefs/java.util.prefs=ALL-UNNAMED --add-opens=java.base/java.nio.charset=ALL-UNNAMED --add-opens=java.base/java.net=ALL-UNNAMED --add-opens=java.base/java.util.concurrent.atomic=ALL-UNNAMED -Xmx2048m -Dfile.encoding=UTF-8 -Duser.country=RU -Duser.language=ru -Duser.variant org.gradle.launcher.daemon.bootstrap.GradleDaemon 7.5

Host: 11th Gen Intel(R) Core(TM) i5-1135G7 @ 2.40GHz, 8 cores, 15G,  Windows 10 , 64 bit Build 18362 (10.0.18362.329)
Time: Sat Feb 18 17:18:51 2023 Западная Азия (зима) elapsed time: 14.154047 seconds (0d 0h 0m 14s)

---------------  T H R E A D  ---------------

Current thread (0x000002b014455000):  JavaThread "C2 CompilerThread2" daemon [_thread_in_native, id=12256, stack(0x000000c494c00000,0x000000c494d00000)]


Current CompileTask:
C2:  14154 13699       4       java.lang.invoke.InvokerBytecodeGenerator::emitStaticInvoke (258 bytes)

Stack: [0x000000c494c00000,0x000000c494d00000]
Native frames: (J=compiled Java code, j=interpreted, Vv=VM code, C=native code)
V  [jvm.dll+0x64135a]
V  [jvm.dll+0x7d39f9]
V  [jvm.dll+0x7d51b9]
V  [jvm.dll+0x7d58a3]
V  [jvm.dll+0x2691c5]
V  [jvm.dll+0xc1a5c]
V  [jvm.dll+0xc200c]
V  [jvm.dll+0x3774a7]
V  [jvm.dll+0x342495]
V  [jvm.dll+0x34186a]
V  [jvm.dll+0x2214bd]
V  [jvm.dll+0x220498]
V  [jvm.dll+0x19e851]
V  [jvm.dll+0x230479]
V  [jvm.dll+0x22e5ef]
V  [jvm.dll+0x794de1]
V  [jvm.dll+0x78dc24]
V  [jvm.dll+0x6400f6]
C  [ucrtbase.dll+0x20e72]
C  [KERNEL32.DLL+0x17bd4]
C  [ntdll.dll+0x6ced1]


---------------  P R O C E S S  ---------------

Threads class SMR info:
_java_thread_list=0x000002b015b2fa80, length=142, elements={
0x000002b071a00000, 0x000002b07d716000, 0x000002b07d724000, 0x000002b07d77a800,
0x000002b07d780000, 0x000002b07d781800, 0x000002b07d782800, 0x000002b07d78e000,
0x000002b07d790000, 0x000002b07d8fc000, 0x000002b07f39e800, 0x000002b07da9f000,
0x000002b07e209800, 0x000002b00fd34800, 0x000002b07f17d800, 0x000002b07eea2800,
0x000002b00fef5000, 0x000002b00f35d800, 0x000002b00fdb2800, 0x000002b07efbc800,
0x000002b00f083000, 0x000002b00f084000, 0x000002b00f082800, 0x000002b00f085000,
0x000002b010b14800, 0x000002b010b1a000, 0x000002b010b15800, 0x000002b010b19800,
0x000002b010b17000, 0x000002b010b1b000, 0x000002b010b16000, 0x000002b010b1c800,
0x000002b010b1c000, 0x000002b010b21800, 0x000002b010b20000, 0x000002b010b1e800,
0x000002b010b1f000, 0x000002b010b21000, 0x000002b010b23000, 0x000002b012759000,
0x000002b012757800, 0x000002b01275b800, 0x000002b012758000, 0x000002b01275a000,
0x000002b01275a800, 0x000002b01275c000, 0x000002b012756800, 0x000002b012762000,
0x000002b012763000, 0x000002b01275d000, 0x000002b01275e800, 0x000002b012761000,
0x000002b012760800, 0x000002b01275f800, 0x000002b012763800, 0x000002b01275e000,
0x000002b012764800, 0x000002b012765000, 0x000002b010e09000, 0x000002b010e06800,
0x000002b010e08000, 0x000002b010e03000, 0x000002b010e09800, 0x000002b010e05000,
0x000002b010e05800, 0x000002b010e04000, 0x000002b010e0a800, 0x000002b010e0b800,
0x000002b010e0d000, 0x000002b010e07800, 0x000002b010e0f800, 0x000002b010e0e800,
0x000002b010e10000, 0x000002b010e11000, 0x000002b010e0e000, 0x000002b010e12000,
0x000002b010e0c000, 0x000002b00f970800, 0x000002b00f972800, 0x000002b00f970000,
0x000002b00f971800, 0x000002b00f974000, 0x000002b00f96f000, 0x000002b00f973000,
0x000002b00f96e800, 0x000002b00f978000, 0x000002b00f979000, 0x000002b00f97a800,
0x000002b00f979800, 0x000002b00f975000, 0x000002b00f976800, 0x000002b00f97b800,
0x000002b00f975800, 0x000002b00f97c000, 0x000002b00f97d000, 0x000002b00f977800,
0x000002b012105000, 0x000002b012101800, 0x000002b012102800, 0x000002b012101000,
0x000002b012103800, 0x000002b012104000, 0x000002b0120ff000, 0x000002b012106000,
0x000002b012100000, 0x000002b012106800, 0x000002b012109000, 0x000002b01210b800,
0x000002b012107800, 0x000002b01210d000, 0x000002b01210c800, 0x000002b01210e000,
0x000002b012108000, 0x000002b01210a000, 0x000002b01210a800, 0x000002b01234d800,
0x000002b01234e800, 0x000002b01234c000, 0x000002b012349000, 0x000002b01234d000,
0x000002b01234f800, 0x000002b012349800, 0x000002b012350000, 0x000002b012351000,
0x000002b01234b000, 0x000002b012353800, 0x000002b012356800, 0x000002b012356000,
0x000002b012355000, 0x000002b012357800, 0x000002b012354000, 0x000002b012352000,
0x000002b012352800, 0x000002b015d7c000, 0x000002b015d7b000, 0x000002b015d80000,
0x000002b015d7d000, 0x000002b015d7a800, 0x000002b015d82800, 0x000002b015d83800,
0x000002b0107e1000, 0x000002b014455000
}

Java Threads: ( => current thread )
  0x000002b071a00000 JavaThread "main" [_thread_blocked, id=10964, stack(0x000000c492500000,0x000000c492600000)]
  0x000002b07d716000 JavaThread "Reference Handler" daemon [_thread_blocked, id=812, stack(0x000000c492c00000,0x000000c492d00000)]
  0x000002b07d724000 JavaThread "Finalizer" daemon [_thread_blocked, id=2988, stack(0x000000c492d00000,0x000000c492e00000)]
  0x000002b07d77a800 JavaThread "Signal Dispatcher" daemon [_thread_blocked, id=6372, stack(0x000000c492e00000,0x000000c492f00000)]
  0x000002b07d780000 JavaThread "Attach Listener" daemon [_thread_blocked, id=8056, stack(0x000000c492f00000,0x000000c493000000)]
  0x000002b07d781800 JavaThread "Service Thread" daemon [_thread_blocked, id=11412, stack(0x000000c493000000,0x000000c493100000)]
  0x000002b07d782800 JavaThread "C2 CompilerThread0" daemon [_thread_in_native, id=9768, stack(0x000000c493100000,0x000000c493200000)]
  0x000002b07d78e000 JavaThread "C1 CompilerThread0" daemon [_thread_in_native, id=9132, stack(0x000000c493200000,0x000000c493300000)]
  0x000002b07d790000 JavaThread "Sweeper thread" daemon [_thread_blocked, id=1508, stack(0x000000c493300000,0x000000c493400000)]
  0x000002b07d8fc000 JavaThread "Common-Cleaner" daemon [_thread_blocked, id=7320, stack(0x000000c493400000,0x000000c493500000)]
  0x000002b07f39e800 JavaThread "Daemon health stats" [_thread_blocked, id=8832, stack(0x000000c493d00000,0x000000c493e00000)]
  0x000002b07da9f000 JavaThread "Incoming local TCP Connector on port 2815" [_thread_in_native, id=7960, stack(0x000000c493600000,0x000000c493700000)]
  0x000002b07e209800 JavaThread "Daemon periodic checks" [_thread_blocked, id=10544, stack(0x000000c493700000,0x000000c493800000)]
  0x000002b00fd34800 JavaThread "Daemon" [_thread_blocked, id=2452, stack(0x000000c493e00000,0x000000c493f00000)]
  0x000002b07f17d800 JavaThread "Handler for socket connection from /127.0.0.1:2815 to /127.0.0.1:2816" [_thread_in_native, id=4912, stack(0x000000c493f00000,0x000000c494000000)]
  0x000002b07eea2800 JavaThread "Cancel handler" [_thread_blocked, id=3704, stack(0x000000c494000000,0x000000c494100000)]
  0x000002b00fef5000 JavaThread "Daemon worker" [_thread_blocked, id=11976, stack(0x000000c494100000,0x000000c494200000)]
  0x000002b00f35d800 JavaThread "Asynchronous log dispatcher for DefaultDaemonConnection: socket connection from /127.0.0.1:2815 to /127.0.0.1:2816" [_thread_blocked, id=5372, stack(0x000000c494300000,0x000000c494400000)]
  0x000002b00fdb2800 JavaThread "Stdin handler" [_thread_blocked, id=7600, stack(0x000000c494400000,0x000000c494500000)]
  0x000002b07efbc800 JavaThread "Daemon client event forwarder" [_thread_blocked, id=11956, stack(0x000000c494500000,0x000000c494600000)]
  0x000002b00f083000 JavaThread "Cache worker for journal cache (C:\Users\ACER\.gradle\caches\journal-1)" [_thread_blocked, id=7064, stack(0x000000c494600000,0x000000c494700000)]
  0x000002b00f084000 JavaThread "File lock request listener" [_thread_in_native, id=2548, stack(0x000000c494700000,0x000000c494800000)]
  0x000002b00f082800 JavaThread "Cache worker for file hash cache (C:\Users\ACER\.gradle\caches\7.5\fileHashes)" [_thread_blocked, id=11908, stack(0x000000c494b00000,0x000000c494c00000)]
  0x000002b00f085000 JavaThread "File watcher server" daemon [_thread_in_native, id=2192, stack(0x000000c494d00000,0x000000c494e00000)]
  0x000002b010b14800 JavaThread "File watcher consumer" daemon [_thread_blocked, id=5756, stack(0x000000c494e00000,0x000000c494f00000)]
  0x000002b010b1a000 JavaThread "Cache worker for checksums cache (D:\Kotlin\Apps\Tester\.gradle\7.5\checksums)" [_thread_blocked, id=8444, stack(0x000000c494f00000,0x000000c495000000)]
  0x000002b010b15800 JavaThread "Cache worker for cache directory md-rule (C:\Users\ACER\.gradle\caches\7.5\md-rule)" [_thread_blocked, id=7164, stack(0x000000c495000000,0x000000c495100000)]
  0x000002b010b19800 JavaThread "Cache worker for file content cache (C:\Users\ACER\.gradle\caches\7.5\fileContent)" [_thread_blocked, id=1816, stack(0x000000c495100000,0x000000c495200000)]
  0x000002b010b17000 JavaThread "Cache worker for file hash cache (D:\Kotlin\Apps\Tester\.gradle\7.5\fileHashes)" [_thread_blocked, id=628, stack(0x000000c495200000,0x000000c495300000)]
  0x000002b010b1b000 JavaThread "Cache worker for cache directory md-supplier (C:\Users\ACER\.gradle\caches\7.5\md-supplier)" [_thread_blocked, id=6224, stack(0x000000c495300000,0x000000c495400000)]
  0x000002b010b16000 JavaThread "Cache worker for execution history cache (C:\Users\ACER\.gradle\caches\7.5\executionHistory)" [_thread_in_Java, id=928, stack(0x000000c495400000,0x000000c495500000)]
  0x000002b010b1c800 JavaThread "jar transforms" [_thread_blocked, id=3192, stack(0x000000c495500000,0x000000c495600000)]
  0x000002b010b1c000 JavaThread "jar transforms Thread 2" [_thread_blocked, id=8852, stack(0x000000c495600000,0x000000c495700000)]
  0x000002b010b21800 JavaThread "jar transforms Thread 3" [_thread_blocked, id=5708, stack(0x000000c495700000,0x000000c495800000)]
  0x000002b010b20000 JavaThread "jar transforms Thread 4" [_thread_blocked, id=6768, stack(0x000000c495800000,0x000000c495900000)]
  0x000002b010b1e800 JavaThread "Cache worker for dependencies-accessors (D:\Kotlin\Apps\Tester\.gradle\7.5\dependencies-accessors)" [_thread_blocked, id=10764, stack(0x000000c495900000,0x000000c495a00000)]
  0x000002b010b1f000 JavaThread "jar transforms Thread 5" [_thread_blocked, id=9024, stack(0x000000c495a00000,0x000000c495b00000)]
  0x000002b010b21000 JavaThread "Cache worker for Build Output Cleanup Cache (D:\Kotlin\Apps\Tester\.gradle\buildOutputCleanup)" [_thread_blocked, id=8692, stack(0x000000c495b00000,0x000000c495c00000)]
  0x000002b010b23000 JavaThread "Unconstrained build operations" [_thread_blocked, id=5256, stack(0x000000c495c00000,0x000000c495d00000)]
  0x000002b012759000 JavaThread "Unconstrained build operations Thread 2" [_thread_blocked, id=3468, stack(0x000000c495d00000,0x000000c495e00000)]
  0x000002b012757800 JavaThread "Unconstrained build operations Thread 3" [_thread_blocked, id=10260, stack(0x000000c495e00000,0x000000c495f00000)]
  0x000002b01275b800 JavaThread "Unconstrained build operations Thread 4" [_thread_blocked, id=8556, stack(0x000000c495f00000,0x000000c496000000)]
  0x000002b012758000 JavaThread "Unconstrained build operations Thread 5" [_thread_in_vm, id=9632, stack(0x000000c496000000,0x000000c496100000)]
  0x000002b01275a000 JavaThread "Unconstrained build operations Thread 6" [_thread_blocked, id=6792, stack(0x000000c496100000,0x000000c496200000)]
  0x000002b01275a800 JavaThread "Unconstrained build operations Thread 7" [_thread_blocked, id=2560, stack(0x000000c496200000,0x000000c496300000)]
  0x000002b01275c000 JavaThread "Unconstrained build operations Thread 8" [_thread_blocked, id=11720, stack(0x000000c496300000,0x000000c496400000)]
  0x000002b012756800 JavaThread "Unconstrained build operations Thread 9" [_thread_blocked, id=3792, stack(0x000000c496400000,0x000000c496500000)]
  0x000002b012762000 JavaThread "Unconstrained build operations Thread 10" [_thread_blocked, id=5364, stack(0x000000c496500000,0x000000c496600000)]
  0x000002b012763000 JavaThread "Unconstrained build operations Thread 11" [_thread_in_vm, id=492, stack(0x000000c496600000,0x000000c496700000)]
  0x000002b01275d000 JavaThread "Unconstrained build operations Thread 12" [_thread_blocked, id=7332, stack(0x000000c496700000,0x000000c496800000)]
  0x000002b01275e800 JavaThread "Unconstrained build operations Thread 13" [_thread_blocked, id=11500, stack(0x000000c496800000,0x000000c496900000)]
  0x000002b012761000 JavaThread "Unconstrained build operations Thread 14" [_thread_blocked, id=3228, stack(0x000000c496900000,0x000000c496a00000)]
  0x000002b012760800 JavaThread "Unconstrained build operations Thread 15" [_thread_in_vm, id=10144, stack(0x000000c496a00000,0x000000c496b00000)]
  0x000002b01275f800 JavaThread "Unconstrained build operations Thread 16" [_thread_blocked, id=7984, stack(0x000000c496b00000,0x000000c496c00000)]
  0x000002b012763800 JavaThread "Unconstrained build operations Thread 17" [_thread_blocked, id=6984, stack(0x000000c496c00000,0x000000c496d00000)]
  0x000002b01275e000 JavaThread "Unconstrained build operations Thread 18" [_thread_blocked, id=8644, stack(0x000000c496d00000,0x000000c496e00000)]
  0x000002b012764800 JavaThread "Unconstrained build operations Thread 19" [_thread_blocked, id=12000, stack(0x000000c496e00000,0x000000c496f00000)]
  0x000002b012765000 JavaThread "Unconstrained build operations Thread 20" [_thread_blocked, id=7644, stack(0x000000c496f00000,0x000000c497000000)]
  0x000002b010e09000 JavaThread "Unconstrained build operations Thread 21" [_thread_blocked, id=1216, stack(0x000000c497000000,0x000000c497100000)]
  0x000002b010e06800 JavaThread "Unconstrained build operations Thread 22" [_thread_blocked, id=3368, stack(0x000000c497100000,0x000000c497200000)]
  0x000002b010e08000 JavaThread "Unconstrained build operations Thread 23" [_thread_blocked, id=5684, stack(0x000000c497200000,0x000000c497300000)]
  0x000002b010e03000 JavaThread "Unconstrained build operations Thread 24" [_thread_blocked, id=5456, stack(0x000000c497300000,0x000000c497400000)]
  0x000002b010e09800 JavaThread "Unconstrained build operations Thread 25" [_thread_blocked, id=7024, stack(0x000000c497400000,0x000000c497500000)]
  0x000002b010e05000 JavaThread "Unconstrained build operations Thread 26" [_thread_blocked, id=11748, stack(0x000000c497500000,0x000000c497600000)]
  0x000002b010e05800 JavaThread "Unconstrained build operations Thread 27" [_thread_blocked, id=10256, stack(0x000000c497600000,0x000000c497700000)]
  0x000002b010e04000 JavaThread "Unconstrained build operations Thread 28" [_thread_blocked, id=12032, stack(0x000000c497700000,0x000000c497800000)]
  0x000002b010e0a800 JavaThread "Unconstrained build operations Thread 29" [_thread_blocked, id=832, stack(0x000000c497800000,0x000000c497900000)]
  0x000002b010e0b800 JavaThread "Unconstrained build operations Thread 30" [_thread_blocked, id=8876, stack(0x000000c497900000,0x000000c497a00000)]
  0x000002b010e0d000 JavaThread "Unconstrained build operations Thread 31" [_thread_blocked, id=11564, stack(0x000000c497a00000,0x000000c497b00000)]
  0x000002b010e07800 JavaThread "Unconstrained build operations Thread 32" [_thread_blocked, id=12060, stack(0x000000c497b00000,0x000000c497c00000)]
  0x000002b010e0f800 JavaThread "Unconstrained build operations Thread 33" [_thread_blocked, id=96, stack(0x000000c497c00000,0x000000c497d00000)]
  0x000002b010e0e800 JavaThread "Unconstrained build operations Thread 34" [_thread_blocked, id=10044, stack(0x000000c497d00000,0x000000c497e00000)]
  0x000002b010e10000 JavaThread "Unconstrained build operations Thread 35" [_thread_blocked, id=1160, stack(0x000000c497e00000,0x000000c497f00000)]
  0x000002b010e11000 JavaThread "Unconstrained build operations Thread 36" [_thread_blocked, id=2936, stack(0x000000c497f00000,0x000000c498000000)]
  0x000002b010e0e000 JavaThread "Unconstrained build operations Thread 37" [_thread_blocked, id=1288, stack(0x000000c498000000,0x000000c498100000)]
  0x000002b010e12000 JavaThread "Unconstrained build operations Thread 38" [_thread_blocked, id=5172, stack(0x000000c498100000,0x000000c498200000)]
  0x000002b010e0c000 JavaThread "Unconstrained build operations Thread 39" [_thread_blocked, id=10856, stack(0x000000c498200000,0x000000c498300000)]
  0x000002b00f970800 JavaThread "Unconstrained build operations Thread 40" [_thread_blocked, id=5872, stack(0x000000c498300000,0x000000c498400000)]
  0x000002b00f972800 JavaThread "Unconstrained build operations Thread 41" [_thread_blocked, id=3804, stack(0x000000c498400000,0x000000c498500000)]
  0x000002b00f970000 JavaThread "Unconstrained build operations Thread 42" [_thread_blocked, id=12196, stack(0x000000c498500000,0x000000c498600000)]
  0x000002b00f971800 JavaThread "Unconstrained build operations Thread 43" [_thread_blocked, id=10508, stack(0x000000c498600000,0x000000c498700000)]
  0x000002b00f974000 JavaThread "Unconstrained build operations Thread 44" [_thread_blocked, id=10204, stack(0x000000c498700000,0x000000c498800000)]
  0x000002b00f96f000 JavaThread "Unconstrained build operations Thread 45" [_thread_blocked, id=3836, stack(0x000000c498800000,0x000000c498900000)]
  0x000002b00f973000 JavaThread "Unconstrained build operations Thread 46" [_thread_blocked, id=5876, stack(0x000000c498900000,0x000000c498a00000)]
  0x000002b00f96e800 JavaThread "Unconstrained build operations Thread 47" [_thread_blocked, id=9728, stack(0x000000c498a00000,0x000000c498b00000)]
  0x000002b00f978000 JavaThread "Unconstrained build operations Thread 48" [_thread_blocked, id=11968, stack(0x000000c498b00000,0x000000c498c00000)]
  0x000002b00f979000 JavaThread "Unconstrained build operations Thread 49" [_thread_blocked, id=10388, stack(0x000000c498c00000,0x000000c498d00000)]
  0x000002b00f97a800 JavaThread "Unconstrained build operations Thread 50" [_thread_blocked, id=2492, stack(0x000000c498d00000,0x000000c498e00000)]
  0x000002b00f979800 JavaThread "Unconstrained build operations Thread 51" [_thread_blocked, id=9580, stack(0x000000c498e00000,0x000000c498f00000)]
  0x000002b00f975000 JavaThread "Unconstrained build operations Thread 52" [_thread_blocked, id=10712, stack(0x000000c498f00000,0x000000c499000000)]
  0x000002b00f976800 JavaThread "Unconstrained build operations Thread 53" [_thread_blocked, id=6524, stack(0x000000c499000000,0x000000c499100000)]
  0x000002b00f97b800 JavaThread "Unconstrained build operations Thread 54" [_thread_blocked, id=2332, stack(0x000000c499100000,0x000000c499200000)]
  0x000002b00f975800 JavaThread "Unconstrained build operations Thread 55" [_thread_blocked, id=7020, stack(0x000000c499200000,0x000000c499300000)]
  0x000002b00f97c000 JavaThread "Unconstrained build operations Thread 56" [_thread_blocked, id=3136, stack(0x000000c499300000,0x000000c499400000)]
  0x000002b00f97d000 JavaThread "Unconstrained build operations Thread 57" [_thread_blocked, id=10728, stack(0x000000c499400000,0x000000c499500000)]
  0x000002b00f977800 JavaThread "Unconstrained build operations Thread 58" [_thread_blocked, id=1524, stack(0x000000c499500000,0x000000c499600000)]
  0x000002b012105000 JavaThread "Unconstrained build operations Thread 59" [_thread_blocked, id=320, stack(0x000000c499600000,0x000000c499700000)]
  0x000002b012101800 JavaThread "Unconstrained build operations Thread 60" [_thread_blocked, id=8272, stack(0x000000c499700000,0x000000c499800000)]
  0x000002b012102800 JavaThread "Unconstrained build operations Thread 61" [_thread_blocked, id=11568, stack(0x000000c499800000,0x000000c499900000)]
  0x000002b012101000 JavaThread "Unconstrained build operations Thread 62" [_thread_blocked, id=11524, stack(0x000000c499900000,0x000000c499a00000)]
  0x000002b012103800 JavaThread "Unconstrained build operations Thread 63" [_thread_blocked, id=11192, stack(0x000000c499a00000,0x000000c499b00000)]
  0x000002b012104000 JavaThread "Unconstrained build operations Thread 64" [_thread_blocked, id=10296, stack(0x000000c499b00000,0x000000c499c00000)]
  0x000002b0120ff000 JavaThread "Unconstrained build operations Thread 65" [_thread_blocked, id=5744, stack(0x000000c499c00000,0x000000c499d00000)]
  0x000002b012106000 JavaThread "Unconstrained build operations Thread 66" [_thread_blocked, id=84, stack(0x000000c499d00000,0x000000c499e00000)]
  0x000002b012100000 JavaThread "Unconstrained build operations Thread 67" [_thread_blocked, id=9464, stack(0x000000c499e00000,0x000000c499f00000)]
  0x000002b012106800 JavaThread "Unconstrained build operations Thread 68" [_thread_blocked, id=5104, stack(0x000000c499f00000,0x000000c49a000000)]
  0x000002b012109000 JavaThread "Unconstrained build operations Thread 69" [_thread_blocked, id=10308, stack(0x000000c49a000000,0x000000c49a100000)]
  0x000002b01210b800 JavaThread "Unconstrained build operations Thread 70" [_thread_blocked, id=860, stack(0x000000c49a100000,0x000000c49a200000)]
  0x000002b012107800 JavaThread "Unconstrained build operations Thread 71" [_thread_blocked, id=4184, stack(0x000000c49a200000,0x000000c49a300000)]
  0x000002b01210d000 JavaThread "Unconstrained build operations Thread 72" [_thread_blocked, id=10536, stack(0x000000c49a300000,0x000000c49a400000)]
  0x000002b01210c800 JavaThread "Unconstrained build operations Thread 73" [_thread_blocked, id=7940, stack(0x000000c49a400000,0x000000c49a500000)]
  0x000002b01210e000 JavaThread "Unconstrained build operations Thread 74" [_thread_blocked, id=2344, stack(0x000000c49a500000,0x000000c49a600000)]
  0x000002b012108000 JavaThread "Unconstrained build operations Thread 75" [_thread_blocked, id=2088, stack(0x000000c49a600000,0x000000c49a700000)]
  0x000002b01210a000 JavaThread "Unconstrained build operations Thread 76" [_thread_blocked, id=11372, stack(0x000000c49a700000,0x000000c49a800000)]
  0x000002b01210a800 JavaThread "Unconstrained build operations Thread 77" [_thread_blocked, id=6080, stack(0x000000c49a800000,0x000000c49a900000)]
  0x000002b01234d800 JavaThread "Unconstrained build operations Thread 78" [_thread_blocked, id=12284, stack(0x000000c49a900000,0x000000c49aa00000)]
  0x000002b01234e800 JavaThread "Unconstrained build operations Thread 79" [_thread_blocked, id=10740, stack(0x000000c49aa00000,0x000000c49ab00000)]
  0x000002b01234c000 JavaThread "Unconstrained build operations Thread 80" [_thread_blocked, id=10404, stack(0x000000c49ab00000,0x000000c49ac00000)]
  0x000002b012349000 JavaThread "jar transforms Thread 6" [_thread_blocked, id=3336, stack(0x000000c49ac00000,0x000000c49ad00000)]
  0x000002b01234d000 JavaThread "jar transforms Thread 7" [_thread_blocked, id=7416, stack(0x000000c49ad00000,0x000000c49ae00000)]
  0x000002b01234f800 JavaThread "jar transforms Thread 8" [_thread_blocked, id=9680, stack(0x000000c49ae00000,0x000000c49af00000)]
  0x000002b012349800 JavaThread "build event listener" [_thread_blocked, id=9904, stack(0x000000c49af00000,0x000000c49b000000)]
  0x000002b012350000 JavaThread "Memory manager" [_thread_blocked, id=6616, stack(0x000000c49b000000,0x000000c49b100000)]
  0x000002b012351000 JavaThread "included builds" [_thread_blocked, id=7440, stack(0x000000c49b100000,0x000000c49b200000)]
  0x000002b01234b000 JavaThread "Execution worker" [_thread_blocked, id=9520, stack(0x000000c49b200000,0x000000c49b300000)]
  0x000002b012353800 JavaThread "Execution worker Thread 2" [_thread_blocked, id=7208, stack(0x000000c49b300000,0x000000c49b400000)]
  0x000002b012356800 JavaThread "Execution worker Thread 3" [_thread_blocked, id=5768, stack(0x000000c49b400000,0x000000c49b500000)]
  0x000002b012356000 JavaThread "Execution worker Thread 4" [_thread_blocked, id=7312, stack(0x000000c49b500000,0x000000c49b600000)]
  0x000002b012355000 JavaThread "Execution worker Thread 5" [_thread_blocked, id=11744, stack(0x000000c49b600000,0x000000c49b700000)]
  0x000002b012357800 JavaThread "Execution worker Thread 6" [_thread_blocked, id=8352, stack(0x000000c49b700000,0x000000c49b800000)]
  0x000002b012354000 JavaThread "Execution worker Thread 7" [_thread_blocked, id=4980, stack(0x000000c49b800000,0x000000c49b900000)]
  0x000002b012352000 JavaThread "Cache worker for execution history cache (D:\Kotlin\Apps\Tester\.gradle\7.5\executionHistory)" [_thread_blocked, id=2656, stack(0x000000c49b900000,0x000000c49ba00000)]
  0x000002b012352800 JavaThread "WorkerExecutor Queue" [_thread_blocked, id=6200, stack(0x000000c49bd00000,0x000000c49be00000)]
  0x000002b015d7c000 JavaThread "WorkerExecutor Queue Thread 2" [_thread_blocked, id=10000, stack(0x000000c49be00000,0x000000c49bf00000)]
  0x000002b015d7b000 JavaThread "WorkerExecutor Queue Thread 3" [_thread_blocked, id=12024, stack(0x000000c49bf00000,0x000000c49c000000)]
  0x000002b015d80000 JavaThread "WorkerExecutor Queue Thread 4" [_thread_blocked, id=4388, stack(0x000000c49c000000,0x000000c49c100000)]
  0x000002b015d7d000 JavaThread "WorkerExecutor Queue Thread 5" [_thread_blocked, id=8720, stack(0x000000c49c100000,0x000000c49c200000)]
  0x000002b015d7a800 JavaThread "WorkerExecutor Queue Thread 6" [_thread_blocked, id=8932, stack(0x000000c49c300000,0x000000c49c400000)]
  0x000002b015d82800 JavaThread "WorkerExecutor Queue Thread 7" [_thread_blocked, id=10828, stack(0x000000c49c400000,0x000000c49c500000)]
  0x000002b015d83800 JavaThread "WorkerExecutor Queue Thread 8" [_thread_blocked, id=9748, stack(0x000000c49c500000,0x000000c49c600000)]
  0x000002b0107e1000 JavaThread "C2 CompilerThread1" daemon [_thread_in_native, id=4156, stack(0x000000c494200000,0x000000c494300000)]
=>0x000002b014455000 JavaThread "C2 CompilerThread2" daemon [_thread_in_native, id=12256, stack(0x000000c494c00000,0x000000c494d00000)]

Other Threads:
  0x000002b07d714800 VMThread "VM Thread" [stack: 0x000000c492b00000,0x000000c492c00000] [id=6432]
  0x000002b07d937000 WatcherThread [stack: 0x000000c493500000,0x000000c493600000] [id=8680]
  0x000002b071a1b000 GCTaskThread "GC Thread#0" [stack: 0x000000c492600000,0x000000c492700000] [id=11320]
  0x000002b07e13f800 GCTaskThread "GC Thread#1" [stack: 0x000000c493800000,0x000000c493900000] [id=6736]
  0x000002b07e5ec000 GCTaskThread "GC Thread#2" [stack: 0x000000c493900000,0x000000c493a00000] [id=7344]
  0x000002b07e711000 GCTaskThread "GC Thread#3" [stack: 0x000000c493a00000,0x000000c493b00000] [id=8204]
  0x000002b07ec65000 GCTaskThread "GC Thread#4" [stack: 0x000000c493b00000,0x000000c493c00000] [id=10188]
  0x000002b07ec66000 GCTaskThread "GC Thread#5" [stack: 0x000000c493c00000,0x000000c493d00000] [id=10540]
  0x000002b07ec67000 GCTaskThread "GC Thread#6" [stack: 0x000000c494800000,0x000000c494900000] [id=12028]
  0x000002b07ec65800 GCTaskThread "GC Thread#7" [stack: 0x000000c494900000,0x000000c494a00000] [id=8880]
  0x000002b071a4c800 ConcurrentGCThread "G1 Main Marker" [stack: 0x000000c492700000,0x000000c492800000] [id=11872]
  0x000002b071a4f000 ConcurrentGCThread "G1 Conc#0" [stack: 0x000000c492800000,0x000000c492900000] [id=5380]
  0x000002b07ec60800 ConcurrentGCThread "G1 Conc#1" [stack: 0x000000c494a00000,0x000000c494b00000] [id=8504]
  0x000002b07cd60800 ConcurrentGCThread "G1 Refine#0" [stack: 0x000000c492900000,0x000000c492a00000] [id=11868]
  0x000002b0162f9000 ConcurrentGCThread "G1 Refine#1" [stack: 0x000000c49ba00000,0x000000c49bb00000] [id=7756]
  0x000002b014485000 ConcurrentGCThread "G1 Refine#2" [stack: 0x000000c49bb00000,0x000000c49bc00000] [id=376]
  0x000002b015570800 ConcurrentGCThread "G1 Refine#3" [stack: 0x000000c49bc00000,0x000000c49bd00000] [id=8452]
  0x000002b0123ae800 ConcurrentGCThread "G1 Refine#4" [stack: 0x000000c49c200000,0x000000c49c300000] [id=9348]
  0x000002b071ace000 ConcurrentGCThread "G1 Young RemSet Sampling" [stack: 0x000000c492a00000,0x000000c492b00000] [id=2568]

Threads with active compile tasks:
C2 CompilerThread0    14171 13935   !   4       org.gradle.internal.event.DefaultListenerManager$EventBroadcast::endNotification (145 bytes)
C1 CompilerThread0    14171 13966       3       java.lang.Class::isSynthetic (17 bytes)
C2 CompilerThread1    14171 13846       4       org.gradle.internal.execution.history.impl.FingerprintMapSerializer::readFingerprint (96 bytes)
C2 CompilerThread2    14171 13699       4       java.lang.invoke.InvokerBytecodeGenerator::emitStaticInvoke (258 bytes)

VM state:not at safepoint (normal execution)

VM Mutex/Monitor currently owned by a thread: None

Heap address: 0x0000000080000000, size: 2048 MB, Compressed Oops mode: 32-bit
Narrow klass base: 0x0000000000000000, Narrow klass shift: 3
Compressed class space size: 1073741824 Address: 0x0000000100000000

Heap:
 garbage-first heap   total 272384K, used 147019K [0x0000000080000000, 0x0000000100000000)
  region size 1024K, 38 young (38912K), 2 survivors (2048K)
 Metaspace       used 107704K, capacity 110433K, committed 110748K, reserved 1144832K
  class space    used 13630K, capacity 14697K, committed 14848K, reserved 1048576K
Heap Regions: E=young(eden), S=young(survivor), O=old, HS=humongous(starts), HC=humongous(continues), CS=collection set, F=free, A=archive, TAMS=top-at-mark-start (previous, next)
|   0|0x0000000080000000, 0x0000000080100000, 0x0000000080100000|100%| O|  |TAMS 0x0000000080100000, 0x0000000080000000| Untracked 
|   1|0x0000000080100000, 0x0000000080200000, 0x0000000080200000|100%| O|  |TAMS 0x0000000080200000, 0x0000000080100000| Untracked 
|   2|0x0000000080200000, 0x0000000080300000, 0x0000000080300000|100%| O|  |TAMS 0x0000000080300000, 0x0000000080200000| Untracked 
|   3|0x0000000080300000, 0x0000000080400000, 0x0000000080400000|100%|HS|  |TAMS 0x0000000080400000, 0x0000000080300000| Complete 
|   4|0x0000000080400000, 0x0000000080500000, 0x0000000080500000|100%|HC|  |TAMS 0x0000000080500000, 0x0000000080400000| Complete 
|   5|0x0000000080500000, 0x0000000080600000, 0x0000000080600000|100%|HC|  |TAMS 0x0000000080600000, 0x0000000080500000| Complete 
|   6|0x0000000080600000, 0x0000000080700000, 0x0000000080700000|100%| O|  |TAMS 0x0000000080700000, 0x0000000080600000| Untracked 
|   7|0x0000000080700000, 0x0000000080800000, 0x0000000080800000|100%| O|  |TAMS 0x0000000080800000, 0x0000000080700000| Untracked 
|   8|0x0000000080800000, 0x0000000080900000, 0x0000000080900000|100%| O|  |TAMS 0x0000000080900000, 0x0000000080800000| Untracked 
|   9|0x0000000080900000, 0x0000000080a00000, 0x0000000080a00000|100%| O|  |TAMS 0x0000000080a00000, 0x0000000080900000| Untracked 
|  10|0x0000000080a00000, 0x0000000080b00000, 0x0000000080b00000|100%| O|  |TAMS 0x0000000080b00000, 0x0000000080a00000| Untracked 
|  11|0x0000000080b00000, 0x0000000080c00000, 0x0000000080c00000|100%| O|  |TAMS 0x0000000080c00000, 0x0000000080b00000| Untracked 
|  12|0x0000000080c00000, 0x0000000080d00000, 0x0000000080d00000|100%| O|  |TAMS 0x0000000080d00000, 0x0000000080c00000| Untracked 
|  13|0x0000000080d00000, 0x0000000080e00000, 0x0000000080e00000|100%| O|  |TAMS 0x0000000080e00000, 0x0000000080d00000| Untracked 
|  14|0x0000000080e00000, 0x0000000080f00000, 0x0000000080f00000|100%| O|  |TAMS 0x0000000080f00000, 0x0000000080e00000| Untracked 
|  15|0x0000000080f00000, 0x0000000081000000, 0x0000000081000000|100%| O|  |TAMS 0x0000000081000000, 0x0000000080f00000| Untracked 
|  16|0x0000000081000000, 0x0000000081100000, 0x0000000081100000|100%| O|  |TAMS 0x0000000081100000, 0x0000000081000000| Untracked 
|  17|0x0000000081100000, 0x0000000081200000, 0x0000000081200000|100%|HS|  |TAMS 0x0000000081200000, 0x0000000081100000| Complete 
|  18|0x0000000081200000, 0x0000000081300000, 0x0000000081300000|100%|HS|  |TAMS 0x0000000081300000, 0x0000000081200000| Complete 
|  19|0x0000000081300000, 0x0000000081400000, 0x0000000081400000|100%|HC|  |TAMS 0x0000000081400000, 0x0000000081300000| Complete 
|  20|0x0000000081400000, 0x0000000081500000, 0x0000000081500000|100%|HS|  |TAMS 0x0000000081500000, 0x0000000081400000| Complete 
|  21|0x0000000081500000, 0x0000000081600000, 0x0000000081600000|100%|HS|  |TAMS 0x0000000081600000, 0x0000000081500000| Complete 
|  22|0x0000000081600000, 0x0000000081700000, 0x0000000081700000|100%|HC|  |TAMS 0x0000000081700000, 0x0000000081600000| Complete 
|  23|0x0000000081700000, 0x0000000081800000, 0x0000000081800000|100%|HC|  |TAMS 0x0000000081800000, 0x0000000081700000| Complete 
|  24|0x0000000081800000, 0x0000000081900000, 0x0000000081900000|100%|HC|  |TAMS 0x0000000081900000, 0x0000000081800000| Complete 
|  25|0x0000000081900000, 0x0000000081a00000, 0x0000000081a00000|100%| O|  |TAMS 0x0000000081a00000, 0x0000000081900000| Untracked 
|  26|0x0000000081a00000, 0x0000000081b00000, 0x0000000081b00000|100%| O|  |TAMS 0x0000000081b00000, 0x0000000081a00000| Untracked 
|  27|0x0000000081b00000, 0x0000000081c00000, 0x0000000081c00000|100%| O|  |TAMS 0x0000000081c00000, 0x0000000081b00000| Untracked 
|  28|0x0000000081c00000, 0x0000000081d00000, 0x0000000081d00000|100%| O|  |TAMS 0x0000000081d00000, 0x0000000081c00000| Untracked 
|  29|0x0000000081d00000, 0x0000000081e00000, 0x0000000081e00000|100%| O|  |TAMS 0x0000000081e00000, 0x0000000081d00000| Untracked 
|  30|0x0000000081e00000, 0x0000000081f00000, 0x0000000081f00000|100%| O|  |TAMS 0x0000000081f00000, 0x0000000081e00000| Untracked 
|  31|0x0000000081f00000, 0x0000000082000000, 0x0000000082000000|100%| O|  |TAMS 0x0000000082000000, 0x0000000081f00000| Untracked 
|  32|0x0000000082000000, 0x0000000082100000, 0x0000000082100000|100%| O|  |TAMS 0x0000000082100000, 0x0000000082000000| Untracked 
|  33|0x0000000082100000, 0x0000000082200000, 0x0000000082200000|100%| O|  |TAMS 0x0000000082200000, 0x0000000082100000| Untracked 
|  34|0x0000000082200000, 0x0000000082300000, 0x0000000082300000|100%| O|  |TAMS 0x0000000082300000, 0x0000000082200000| Untracked 
|  35|0x0000000082300000, 0x0000000082400000, 0x0000000082400000|100%| O|  |TAMS 0x0000000082400000, 0x0000000082300000| Untracked 
|  36|0x0000000082400000, 0x0000000082500000, 0x0000000082500000|100%| O|  |TAMS 0x0000000082500000, 0x0000000082400000| Untracked 
|  37|0x0000000082500000, 0x0000000082600000, 0x0000000082600000|100%| O|  |TAMS 0x0000000082600000, 0x0000000082500000| Untracked 
|  38|0x0000000082600000, 0x0000000082700000, 0x0000000082700000|100%| O|  |TAMS 0x0000000082700000, 0x0000000082600000| Untracked 
|  39|0x0000000082700000, 0x0000000082800000, 0x0000000082800000|100%| O|  |TAMS 0x0000000082800000, 0x0000000082700000| Untracked 
|  40|0x0000000082800000, 0x0000000082900000, 0x0000000082900000|100%| O|  |TAMS 0x0000000082900000, 0x0000000082800000| Untracked 
|  41|0x0000000082900000, 0x0000000082a00000, 0x0000000082a00000|100%| O|  |TAMS 0x0000000082a00000, 0x0000000082900000| Untracked 
|  42|0x0000000082a00000, 0x0000000082b00000, 0x0000000082b00000|100%| O|  |TAMS 0x0000000082b00000, 0x0000000082a00000| Untracked 
|  43|0x0000000082b00000, 0x0000000082c00000, 0x0000000082c00000|100%| O|  |TAMS 0x0000000082c00000, 0x0000000082b00000| Untracked 
|  44|0x0000000082c00000, 0x0000000082d00000, 0x0000000082d00000|100%| O|  |TAMS 0x0000000082d00000, 0x0000000082c00000| Untracked 
|  45|0x0000000082d00000, 0x0000000082e00000, 0x0000000082e00000|100%| O|  |TAMS 0x0000000082e00000, 0x0000000082d00000| Untracked 
|  46|0x0000000082e00000, 0x0000000082f00000, 0x0000000082f00000|100%| O|  |TAMS 0x0000000082f00000, 0x0000000082e00000| Untracked 
|  47|0x0000000082f00000, 0x0000000083000000, 0x0000000083000000|100%| O|  |TAMS 0x0000000083000000, 0x0000000082f00000| Untracked 
|  48|0x0000000083000000, 0x0000000083100000, 0x0000000083100000|100%| O|  |TAMS 0x0000000083100000, 0x0000000083000000| Untracked 
|  49|0x0000000083100000, 0x0000000083200000, 0x0000000083200000|100%| O|  |TAMS 0x0000000083200000, 0x0000000083100000| Untracked 
|  50|0x0000000083200000, 0x0000000083300000, 0x0000000083300000|100%| O|  |TAMS 0x0000000083300000, 0x0000000083200000| Untracked 
|  51|0x0000000083300000, 0x0000000083400000, 0x0000000083400000|100%| O|  |TAMS 0x0000000083400000, 0x0000000083300000| Untracked 
|  52|0x0000000083400000, 0x0000000083500000, 0x0000000083500000|100%| O|  |TAMS 0x0000000083500000, 0x0000000083400000| Untracked 
|  53|0x0000000083500000, 0x0000000083600000, 0x0000000083600000|100%| O|  |TAMS 0x0000000083600000, 0x0000000083500000| Untracked 
|  54|0x0000000083600000, 0x0000000083700000, 0x0000000083700000|100%| O|  |TAMS 0x0000000083700000, 0x0000000083600000| Untracked 
|  55|0x0000000083700000, 0x0000000083800000, 0x0000000083800000|100%| O|  |TAMS 0x0000000083800000, 0x0000000083700000| Untracked 
|  56|0x0000000083800000, 0x0000000083900000, 0x0000000083900000|100%| O|  |TAMS 0x0000000083900000, 0x0000000083800000| Untracked 
|  57|0x0000000083900000, 0x0000000083a00000, 0x0000000083a00000|100%| O|  |TAMS 0x0000000083a00000, 0x0000000083900000| Untracked 
|  58|0x0000000083a00000, 0x0000000083b00000, 0x0000000083b00000|100%| O|  |TAMS 0x0000000083b00000, 0x0000000083a00000| Untracked 
|  59|0x0000000083b00000, 0x0000000083c00000, 0x0000000083c00000|100%| O|  |TAMS 0x0000000083c00000, 0x0000000083b00000| Untracked 
|  60|0x0000000083c00000, 0x0000000083d00000, 0x0000000083d00000|100%| O|  |TAMS 0x0000000083d00000, 0x0000000083c00000| Untracked 
|  61|0x0000000083d00000, 0x0000000083e00000, 0x0000000083e00000|100%| O|  |TAMS 0x0000000083e00000, 0x0000000083d00000| Untracked 
|  62|0x0000000083e00000, 0x0000000083f00000, 0x0000000083f00000|100%| O|  |TAMS 0x0000000083f00000, 0x0000000083e00000| Untracked 
|  63|0x0000000083f00000, 0x0000000084000000, 0x0000000084000000|100%| O|  |TAMS 0x0000000084000000, 0x0000000083f00000| Untracked 
|  64|0x0000000084000000, 0x0000000084100000, 0x0000000084100000|100%| O|  |TAMS 0x0000000084100000, 0x0000000084000000| Untracked 
|  65|0x0000000084100000, 0x0000000084200000, 0x0000000084200000|100%| O|  |TAMS 0x0000000084200000, 0x0000000084100000| Untracked 
|  66|0x0000000084200000, 0x0000000084300000, 0x0000000084300000|100%| O|  |TAMS 0x0000000084300000, 0x0000000084200000| Untracked 
|  67|0x0000000084300000, 0x0000000084400000, 0x0000000084400000|100%| O|  |TAMS 0x0000000084400000, 0x0000000084300000| Untracked 
|  68|0x0000000084400000, 0x0000000084500000, 0x0000000084500000|100%| O|  |TAMS 0x0000000084500000, 0x0000000084400000| Untracked 
|  69|0x0000000084500000, 0x0000000084600000, 0x0000000084600000|100%| O|  |TAMS 0x0000000084600000, 0x0000000084500000| Untracked 
|  70|0x0000000084600000, 0x0000000084700000, 0x0000000084700000|100%| O|  |TAMS 0x0000000084700000, 0x0000000084600000| Untracked 
|  71|0x0000000084700000, 0x0000000084800000, 0x0000000084800000|100%| O|  |TAMS 0x0000000084800000, 0x0000000084700000| Untracked 
|  72|0x0000000084800000, 0x0000000084900000, 0x0000000084900000|100%| O|  |TAMS 0x0000000084900000, 0x0000000084800000| Untracked 
|  73|0x0000000084900000, 0x0000000084a00000, 0x0000000084a00000|100%| O|  |TAMS 0x0000000084a00000, 0x0000000084900000| Untracked 
|  74|0x0000000084a00000, 0x0000000084b00000, 0x0000000084b00000|100%| O|  |TAMS 0x0000000084b00000, 0x0000000084a00000| Untracked 
|  75|0x0000000084b00000, 0x0000000084c00000, 0x0000000084c00000|100%| O|  |TAMS 0x0000000084c00000, 0x0000000084b00000| Untracked 
|  76|0x0000000084c00000, 0x0000000084d00000, 0x0000000084d00000|100%| O|  |TAMS 0x0000000084d00000, 0x0000000084c00000| Untracked 
|  77|0x0000000084d00000, 0x0000000084e00000, 0x0000000084e00000|100%| O|  |TAMS 0x0000000084e00000, 0x0000000084d00000| Untracked 
|  78|0x0000000084e00000, 0x0000000084f00000, 0x0000000084f00000|100%| O|  |TAMS 0x0000000084f00000, 0x0000000084e00000| Untracked 
|  79|0x0000000084f00000, 0x0000000085000000, 0x0000000085000000|100%| O|  |TAMS 0x0000000085000000, 0x0000000084f00000| Untracked 
|  80|0x0000000085000000, 0x0000000085100000, 0x0000000085100000|100%| O|  |TAMS 0x0000000085100000, 0x0000000085000000| Untracked 
|  81|0x0000000085100000, 0x0000000085200000, 0x0000000085200000|100%| O|  |TAMS 0x0000000085200000, 0x0000000085100000| Untracked 
|  82|0x0000000085200000, 0x0000000085300000, 0x0000000085300000|100%| O|  |TAMS 0x0000000085300000, 0x0000000085200000| Untracked 
|  83|0x0000000085300000, 0x0000000085400000, 0x0000000085400000|100%| O|  |TAMS 0x0000000085400000, 0x0000000085300000| Untracked 
|  84|0x0000000085400000, 0x0000000085500000, 0x0000000085500000|100%| O|  |TAMS 0x0000000085500000, 0x0000000085400000| Untracked 
|  85|0x0000000085500000, 0x0000000085600000, 0x0000000085600000|100%| O|  |TAMS 0x0000000085500000, 0x0000000085500000| Untracked 
|  86|0x0000000085600000, 0x0000000085700000, 0x0000000085700000|100%| O|  |TAMS 0x0000000085700000, 0x0000000085600000| Untracked 
|  87|0x0000000085700000, 0x0000000085800000, 0x0000000085800000|100%| O|  |TAMS 0x0000000085800000, 0x0000000085700000| Untracked 
|  88|0x0000000085800000, 0x0000000085900000, 0x0000000085900000|100%| O|  |TAMS 0x0000000085900000, 0x0000000085800000| Untracked 
|  89|0x0000000085900000, 0x0000000085a00000, 0x0000000085a00000|100%| O|  |TAMS 0x0000000085a00000, 0x0000000085900000| Untracked 
|  90|0x0000000085a00000, 0x0000000085b00000, 0x0000000085b00000|100%| O|  |TAMS 0x0000000085b00000, 0x0000000085a00000| Untracked 
|  91|0x0000000085b00000, 0x0000000085c00000, 0x0000000085c00000|100%| O|  |TAMS 0x0000000085c00000, 0x0000000085b00000| Untracked 
|  92|0x0000000085c00000, 0x0000000085d00000, 0x0000000085d00000|100%| O|  |TAMS 0x0000000085c00000, 0x0000000085c00000| Untracked 
|  93|0x0000000085d00000, 0x0000000085e00000, 0x0000000085e00000|100%| O|  |TAMS 0x0000000085d00000, 0x0000000085d00000| Untracked 
|  94|0x0000000085e00000, 0x0000000085e00000, 0x0000000085f00000|  0%| F|  |TAMS 0x0000000085e00000, 0x0000000085e00000| Untracked 
|  95|0x0000000085f00000, 0x0000000086000000, 0x0000000086000000|100%| O|  |TAMS 0x0000000086000000, 0x0000000085f00000| Untracked 
|  96|0x0000000086000000, 0x0000000086100000, 0x0000000086100000|100%| O|  |TAMS 0x0000000086000000, 0x0000000086000000| Untracked 
|  97|0x0000000086100000, 0x0000000086200000, 0x0000000086200000|100%| O|  |TAMS 0x0000000086100000, 0x0000000086100000| Untracked 
|  98|0x0000000086200000, 0x0000000086300000, 0x0000000086300000|100%| O|  |TAMS 0x0000000086200000, 0x0000000086200000| Untracked 
|  99|0x0000000086300000, 0x0000000086400000, 0x0000000086400000|100%| O|  |TAMS 0x0000000086300000, 0x0000000086300000| Untracked 
| 100|0x0000000086400000, 0x0000000086492c00, 0x0000000086500000| 57%| O|  |TAMS 0x0000000086400000, 0x0000000086400000| Untracked 
| 101|0x0000000086500000, 0x0000000086500000, 0x0000000086600000|  0%| F|  |TAMS 0x0000000086500000, 0x0000000086500000| Untracked 
| 102|0x0000000086600000, 0x0000000086600000, 0x0000000086700000|  0%| F|  |TAMS 0x0000000086600000, 0x0000000086600000| Untracked 
| 103|0x0000000086700000, 0x0000000086700000, 0x0000000086800000|  0%| F|  |TAMS 0x0000000086700000, 0x0000000086700000| Untracked 
| 104|0x0000000086800000, 0x0000000086800000, 0x0000000086900000|  0%| F|  |TAMS 0x0000000086800000, 0x0000000086800000| Untracked 
| 105|0x0000000086900000, 0x0000000086900000, 0x0000000086a00000|  0%| F|  |TAMS 0x0000000086900000, 0x0000000086900000| Untracked 
| 106|0x0000000086a00000, 0x0000000086a00000, 0x0000000086b00000|  0%| F|  |TAMS 0x0000000086a00000, 0x0000000086a00000| Untracked 
| 107|0x0000000086b00000, 0x0000000086b00000, 0x0000000086c00000|  0%| F|  |TAMS 0x0000000086b00000, 0x0000000086b00000| Untracked 
| 108|0x0000000086c00000, 0x0000000086c00000, 0x0000000086d00000|  0%| F|  |TAMS 0x0000000086c00000, 0x0000000086c00000| Untracked 
| 109|0x0000000086d00000, 0x0000000086d00000, 0x0000000086e00000|  0%| F|  |TAMS 0x0000000086d00000, 0x0000000086d00000| Untracked 
| 110|0x0000000086e00000, 0x0000000086e00000, 0x0000000086f00000|  0%| F|  |TAMS 0x0000000086e00000, 0x0000000086e00000| Untracked 
| 111|0x0000000086f00000, 0x0000000086f00000, 0x0000000087000000|  0%| F|  |TAMS 0x0000000086f00000, 0x0000000086f00000| Untracked 
| 112|0x0000000087000000, 0x0000000087000000, 0x0000000087100000|  0%| F|  |TAMS 0x0000000087000000, 0x0000000087000000| Untracked 
| 113|0x0000000087100000, 0x0000000087100000, 0x0000000087200000|  0%| F|  |TAMS 0x0000000087100000, 0x0000000087100000| Untracked 
| 114|0x0000000087200000, 0x0000000087300000, 0x0000000087300000|100%| O|  |TAMS 0x0000000087300000, 0x0000000087200000| Untracked 
| 115|0x0000000087300000, 0x0000000087400000, 0x0000000087400000|100%| O|  |TAMS 0x0000000087400000, 0x0000000087300000| Untracked 
| 116|0x0000000087400000, 0x0000000087500000, 0x0000000087500000|100%| O|  |TAMS 0x0000000087500000, 0x0000000087400000| Untracked 
| 117|0x0000000087500000, 0x0000000087600000, 0x0000000087600000|100%| O|  |TAMS 0x0000000087600000, 0x0000000087500000| Untracked 
| 118|0x0000000087600000, 0x0000000087700000, 0x0000000087700000|100%| O|  |TAMS 0x0000000087700000, 0x0000000087600000| Untracked 
| 119|0x0000000087700000, 0x0000000087800000, 0x0000000087800000|100%| O|  |TAMS 0x0000000087800000, 0x0000000087700000| Untracked 
| 120|0x0000000087800000, 0x0000000087800000, 0x0000000087900000|  0%| F|  |TAMS 0x0000000087800000, 0x0000000087800000| Untracked 
| 121|0x0000000087900000, 0x0000000087900000, 0x0000000087a00000|  0%| F|  |TAMS 0x0000000087900000, 0x0000000087900000| Untracked 
| 122|0x0000000087a00000, 0x0000000087a00000, 0x0000000087b00000|  0%| F|  |TAMS 0x0000000087a00000, 0x0000000087a00000| Untracked 
| 123|0x0000000087b00000, 0x0000000087b00000, 0x0000000087c00000|  0%| F|  |TAMS 0x0000000087b00000, 0x0000000087b00000| Untracked 
| 124|0x0000000087c00000, 0x0000000087c00000, 0x0000000087d00000|  0%| F|  |TAMS 0x0000000087c00000, 0x0000000087c00000| Untracked 
| 125|0x0000000087d00000, 0x0000000087d00000, 0x0000000087e00000|  0%| F|  |TAMS 0x0000000087d00000, 0x0000000087d00000| Untracked 
| 126|0x0000000087e00000, 0x0000000087e00000, 0x0000000087f00000|  0%| F|  |TAMS 0x0000000087e00000, 0x0000000087e00000| Untracked 
| 127|0x0000000087f00000, 0x0000000087f00000, 0x0000000088000000|  0%| F|  |TAMS 0x0000000087f00000, 0x0000000087f00000| Untracked 
| 128|0x0000000088000000, 0x0000000088000000, 0x0000000088100000|  0%| F|  |TAMS 0x0000000088000000, 0x0000000088000000| Untracked 
| 129|0x0000000088100000, 0x0000000088100000, 0x0000000088200000|  0%| F|  |TAMS 0x0000000088100000, 0x0000000088100000| Untracked 
| 130|0x0000000088200000, 0x0000000088200000, 0x0000000088300000|  0%| F|  |TAMS 0x0000000088200000, 0x0000000088200000| Untracked 
| 131|0x0000000088300000, 0x0000000088300000, 0x0000000088400000|  0%| F|  |TAMS 0x0000000088300000, 0x0000000088300000| Untracked 
| 132|0x0000000088400000, 0x0000000088400000, 0x0000000088500000|  0%| F|  |TAMS 0x0000000088400000, 0x0000000088400000| Untracked 
| 133|0x0000000088500000, 0x0000000088500000, 0x0000000088600000|  0%| F|  |TAMS 0x0000000088500000, 0x0000000088500000| Untracked 
| 134|0x0000000088600000, 0x0000000088600000, 0x0000000088700000|  0%| F|  |TAMS 0x0000000088600000, 0x0000000088600000| Untracked 
| 135|0x0000000088700000, 0x0000000088700000, 0x0000000088800000|  0%| F|  |TAMS 0x0000000088700000, 0x0000000088700000| Untracked 
| 136|0x0000000088800000, 0x0000000088800000, 0x0000000088900000|  0%| F|  |TAMS 0x0000000088800000, 0x0000000088800000| Untracked 
| 137|0x0000000088900000, 0x0000000088900000, 0x0000000088a00000|  0%| F|  |TAMS 0x0000000088900000, 0x0000000088900000| Untracked 
| 138|0x0000000088a00000, 0x0000000088a00000, 0x0000000088b00000|  0%| F|  |TAMS 0x0000000088a00000, 0x0000000088a00000| Untracked 
| 139|0x0000000088b00000, 0x0000000088b00000, 0x0000000088c00000|  0%| F|  |TAMS 0x0000000088b00000, 0x0000000088b00000| Untracked 
| 140|0x0000000088c00000, 0x0000000088c00000, 0x0000000088d00000|  0%| F|  |TAMS 0x0000000088c00000, 0x0000000088c00000| Untracked 
| 141|0x0000000088d00000, 0x0000000088d00000, 0x0000000088e00000|  0%| F|  |TAMS 0x0000000088d00000, 0x0000000088d00000| Untracked 
| 142|0x0000000088e00000, 0x0000000088e00000, 0x0000000088f00000|  0%| F|  |TAMS 0x0000000088e00000, 0x0000000088e00000| Untracked 
| 143|0x0000000088f00000, 0x0000000088f00000, 0x0000000089000000|  0%| F|  |TAMS 0x0000000088f00000, 0x0000000088f00000| Untracked 
| 144|0x0000000089000000, 0x0000000089000000, 0x0000000089100000|  0%| F|  |TAMS 0x0000000089000000, 0x0000000089000000| Untracked 
| 145|0x0000000089100000, 0x0000000089100000, 0x0000000089200000|  0%| F|  |TAMS 0x0000000089100000, 0x0000000089100000| Untracked 
| 146|0x0000000089200000, 0x0000000089200000, 0x0000000089300000|  0%| F|  |TAMS 0x0000000089200000, 0x0000000089200000| Untracked 
| 147|0x0000000089300000, 0x0000000089300000, 0x0000000089400000|  0%| F|  |TAMS 0x0000000089300000, 0x0000000089300000| Untracked 
| 148|0x0000000089400000, 0x0000000089400000, 0x0000000089500000|  0%| F|  |TAMS 0x0000000089400000, 0x0000000089400000| Untracked 
| 149|0x0000000089500000, 0x0000000089500000, 0x0000000089600000|  0%| F|  |TAMS 0x0000000089500000, 0x0000000089500000| Untracked 
| 150|0x0000000089600000, 0x0000000089600000, 0x0000000089700000|  0%| F|  |TAMS 0x0000000089600000, 0x0000000089600000| Untracked 
| 151|0x0000000089700000, 0x0000000089700000, 0x0000000089800000|  0%| F|  |TAMS 0x0000000089700000, 0x0000000089700000| Untracked 
| 152|0x0000000089800000, 0x0000000089800000, 0x0000000089900000|  0%| F|  |TAMS 0x0000000089800000, 0x0000000089800000| Untracked 
| 153|0x0000000089900000, 0x0000000089900000, 0x0000000089a00000|  0%| F|  |TAMS 0x0000000089900000, 0x0000000089900000| Untracked 
| 154|0x0000000089a00000, 0x0000000089a00000, 0x0000000089b00000|  0%| F|  |TAMS 0x0000000089a00000, 0x0000000089a00000| Untracked 
| 155|0x0000000089b00000, 0x0000000089b00000, 0x0000000089c00000|  0%| F|  |TAMS 0x0000000089b00000, 0x0000000089b00000| Untracked 
| 156|0x0000000089c00000, 0x0000000089c00000, 0x0000000089d00000|  0%| F|  |TAMS 0x0000000089c00000, 0x0000000089c00000| Untracked 
| 157|0x0000000089d00000, 0x0000000089d00000, 0x0000000089e00000|  0%| F|  |TAMS 0x0000000089d00000, 0x0000000089d00000| Untracked 
| 158|0x0000000089e00000, 0x0000000089e00000, 0x0000000089f00000|  0%| F|  |TAMS 0x0000000089e00000, 0x0000000089e00000| Untracked 
| 159|0x0000000089f00000, 0x0000000089f00000, 0x000000008a000000|  0%| F|  |TAMS 0x0000000089f00000, 0x0000000089f00000| Untracked 
| 160|0x000000008a000000, 0x000000008a000000, 0x000000008a100000|  0%| F|  |TAMS 0x000000008a000000, 0x000000008a000000| Untracked 
| 161|0x000000008a100000, 0x000000008a100000, 0x000000008a200000|  0%| F|  |TAMS 0x000000008a100000, 0x000000008a100000| Untracked 
| 162|0x000000008a200000, 0x000000008a200000, 0x000000008a300000|  0%| F|  |TAMS 0x000000008a200000, 0x000000008a200000| Untracked 
| 163|0x000000008a300000, 0x000000008a300000, 0x000000008a400000|  0%| F|  |TAMS 0x000000008a300000, 0x000000008a300000| Untracked 
| 164|0x000000008a400000, 0x000000008a400000, 0x000000008a500000|  0%| F|  |TAMS 0x000000008a400000, 0x000000008a400000| Untracked 
| 165|0x000000008a500000, 0x000000008a500000, 0x000000008a600000|  0%| F|  |TAMS 0x000000008a500000, 0x000000008a500000| Untracked 
| 166|0x000000008a600000, 0x000000008a600000, 0x000000008a700000|  0%| F|  |TAMS 0x000000008a600000, 0x000000008a600000| Untracked 
| 167|0x000000008a700000, 0x000000008a700000, 0x000000008a800000|  0%| F|  |TAMS 0x000000008a700000, 0x000000008a700000| Untracked 
| 168|0x000000008a800000, 0x000000008a800000, 0x000000008a900000|  0%| F|  |TAMS 0x000000008a800000, 0x000000008a800000| Untracked 
| 169|0x000000008a900000, 0x000000008a900000, 0x000000008aa00000|  0%| F|  |TAMS 0x000000008a900000, 0x000000008a900000| Untracked 
| 170|0x000000008aa00000, 0x000000008aa00000, 0x000000008ab00000|  0%| F|  |TAMS 0x000000008aa00000, 0x000000008aa00000| Untracked 
| 171|0x000000008ab00000, 0x000000008ab00000, 0x000000008ac00000|  0%| F|  |TAMS 0x000000008ab00000, 0x000000008ab00000| Untracked 
| 172|0x000000008ac00000, 0x000000008ac00000, 0x000000008ad00000|  0%| F|  |TAMS 0x000000008ac00000, 0x000000008ac00000| Untracked 
| 173|0x000000008ad00000, 0x000000008ad00000, 0x000000008ae00000|  0%| F|  |TAMS 0x000000008ad00000, 0x000000008ad00000| Untracked 
| 174|0x000000008ae00000, 0x000000008ae00000, 0x000000008af00000|  0%| F|  |TAMS 0x000000008ae00000, 0x000000008ae00000| Untracked 
| 175|0x000000008af00000, 0x000000008af00000, 0x000000008b000000|  0%| F|  |TAMS 0x000000008af00000, 0x000000008af00000| Untracked 
| 176|0x000000008b000000, 0x000000008b000000, 0x000000008b100000|  0%| F|  |TAMS 0x000000008b000000, 0x000000008b000000| Untracked 
| 177|0x000000008b100000, 0x000000008b100000, 0x000000008b200000|  0%| F|  |TAMS 0x000000008b100000, 0x000000008b100000| Untracked 
| 178|0x000000008b200000, 0x000000008b200000, 0x000000008b300000|  0%| F|  |TAMS 0x000000008b200000, 0x000000008b200000| Untracked 
| 179|0x000000008b300000, 0x000000008b300000, 0x000000008b400000|  0%| F|  |TAMS 0x000000008b300000, 0x000000008b300000| Untracked 
| 180|0x000000008b400000, 0x000000008b400000, 0x000000008b500000|  0%| F|  |TAMS 0x000000008b400000, 0x000000008b400000| Untracked 
| 181|0x000000008b500000, 0x000000008b500000, 0x000000008b600000|  0%| F|  |TAMS 0x000000008b500000, 0x000000008b500000| Untracked 
| 182|0x000000008b600000, 0x000000008b600000, 0x000000008b700000|  0%| F|  |TAMS 0x000000008b600000, 0x000000008b600000| Untracked 
| 183|0x000000008b700000, 0x000000008b700000, 0x000000008b800000|  0%| F|  |TAMS 0x000000008b700000, 0x000000008b700000| Untracked 
| 184|0x000000008b800000, 0x000000008b800000, 0x000000008b900000|  0%| F|  |TAMS 0x000000008b800000, 0x000000008b800000| Untracked 
| 185|0x000000008b900000, 0x000000008b900000, 0x000000008ba00000|  0%| F|  |TAMS 0x000000008b900000, 0x000000008b900000| Untracked 
| 186|0x000000008ba00000, 0x000000008ba00000, 0x000000008bb00000|  0%| F|  |TAMS 0x000000008ba00000, 0x000000008ba00000| Untracked 
| 187|0x000000008bb00000, 0x000000008bb00000, 0x000000008bc00000|  0%| F|  |TAMS 0x000000008bb00000, 0x000000008bb00000| Untracked 
| 188|0x000000008bc00000, 0x000000008bc00000, 0x000000008bd00000|  0%| F|  |TAMS 0x000000008bc00000, 0x000000008bc00000| Untracked 
| 189|0x000000008bd00000, 0x000000008bd00000, 0x000000008be00000|  0%| F|  |TAMS 0x000000008bd00000, 0x000000008bd00000| Untracked 
| 190|0x000000008be00000, 0x000000008be00000, 0x000000008bf00000|  0%| F|  |TAMS 0x000000008be00000, 0x000000008be00000| Untracked 
| 191|0x000000008bf00000, 0x000000008bf00000, 0x000000008c000000|  0%| F|  |TAMS 0x000000008bf00000, 0x000000008bf00000| Untracked 
| 192|0x000000008c000000, 0x000000008c000000, 0x000000008c100000|  0%| F|  |TAMS 0x000000008c000000, 0x000000008c000000| Untracked 
| 193|0x000000008c100000, 0x000000008c100000, 0x000000008c200000|  0%| F|  |TAMS 0x000000008c100000, 0x000000008c100000| Untracked 
| 194|0x000000008c200000, 0x000000008c200000, 0x000000008c300000|  0%| F|  |TAMS 0x000000008c200000, 0x000000008c200000| Untracked 
| 195|0x000000008c300000, 0x000000008c300000, 0x000000008c400000|  0%| F|  |TAMS 0x000000008c300000, 0x000000008c300000| Untracked 
| 196|0x000000008c400000, 0x000000008c400000, 0x000000008c500000|  0%| F|  |TAMS 0x000000008c400000, 0x000000008c400000| Untracked 
| 197|0x000000008c500000, 0x000000008c500000, 0x000000008c600000|  0%| F|  |TAMS 0x000000008c500000, 0x000000008c500000| Untracked 
| 198|0x000000008c600000, 0x000000008c600000, 0x000000008c700000|  0%| F|  |TAMS 0x000000008c600000, 0x000000008c600000| Untracked 
| 199|0x000000008c700000, 0x000000008c700000, 0x000000008c800000|  0%| F|  |TAMS 0x000000008c700000, 0x000000008c700000| Untracked 
| 200|0x000000008c800000, 0x000000008c800000, 0x000000008c900000|  0%| F|  |TAMS 0x000000008c800000, 0x000000008c800000| Untracked 
| 201|0x000000008c900000, 0x000000008c900000, 0x000000008ca00000|  0%| F|  |TAMS 0x000000008c900000, 0x000000008c900000| Untracked 
| 202|0x000000008ca00000, 0x000000008ca00000, 0x000000008cb00000|  0%| F|  |TAMS 0x000000008ca00000, 0x000000008ca00000| Untracked 
| 203|0x000000008cb00000, 0x000000008cb00000, 0x000000008cc00000|  0%| F|  |TAMS 0x000000008cb00000, 0x000000008cb00000| Untracked 
| 204|0x000000008cc00000, 0x000000008cc00000, 0x000000008cd00000|  0%| F|  |TAMS 0x000000008cc00000, 0x000000008cc00000| Untracked 
| 205|0x000000008cd00000, 0x000000008cd00000, 0x000000008ce00000|  0%| F|  |TAMS 0x000000008cd00000, 0x000000008cd00000| Untracked 
| 206|0x000000008ce00000, 0x000000008ce00000, 0x000000008cf00000|  0%| F|  |TAMS 0x000000008ce00000, 0x000000008ce00000| Untracked 
| 207|0x000000008cf00000, 0x000000008cf00000, 0x000000008d000000|  0%| F|  |TAMS 0x000000008cf00000, 0x000000008cf00000| Untracked 
| 208|0x000000008d000000, 0x000000008d000000, 0x000000008d100000|  0%| F|  |TAMS 0x000000008d000000, 0x000000008d000000| Untracked 
| 209|0x000000008d100000, 0x000000008d100000, 0x000000008d200000|  0%| F|  |TAMS 0x000000008d100000, 0x000000008d100000| Untracked 
| 210|0x000000008d200000, 0x000000008d200000, 0x000000008d300000|  0%| F|  |TAMS 0x000000008d200000, 0x000000008d200000| Untracked 
| 211|0x000000008d300000, 0x000000008d300000, 0x000000008d400000|  0%| F|  |TAMS 0x000000008d300000, 0x000000008d300000| Untracked 
| 212|0x000000008d400000, 0x000000008d400000, 0x000000008d500000|  0%| F|  |TAMS 0x000000008d400000, 0x000000008d400000| Untracked 
| 213|0x000000008d500000, 0x000000008d500000, 0x000000008d600000|  0%| F|  |TAMS 0x000000008d500000, 0x000000008d500000| Untracked 
| 214|0x000000008d600000, 0x000000008d600000, 0x000000008d700000|  0%| F|  |TAMS 0x000000008d600000, 0x000000008d600000| Untracked 
| 215|0x000000008d700000, 0x000000008d700000, 0x000000008d800000|  0%| F|  |TAMS 0x000000008d700000, 0x000000008d700000| Untracked 
| 216|0x000000008d800000, 0x000000008d800000, 0x000000008d900000|  0%| F|  |TAMS 0x000000008d800000, 0x000000008d800000| Untracked 
| 217|0x000000008d900000, 0x000000008d900000, 0x000000008da00000|  0%| F|  |TAMS 0x000000008d900000, 0x000000008d900000| Untracked 
| 218|0x000000008da00000, 0x000000008da00000, 0x000000008db00000|  0%| F|  |TAMS 0x000000008da00000, 0x000000008da00000| Untracked 
| 219|0x000000008db00000, 0x000000008db00000, 0x000000008dc00000|  0%| F|  |TAMS 0x000000008db00000, 0x000000008db00000| Untracked 
| 220|0x000000008dc00000, 0x000000008dc00000, 0x000000008dd00000|  0%| F|  |TAMS 0x000000008dc00000, 0x000000008dc00000| Untracked 
| 221|0x000000008dd00000, 0x000000008dd00000, 0x000000008de00000|  0%| F|  |TAMS 0x000000008dd00000, 0x000000008dd00000| Untracked 
| 222|0x000000008de00000, 0x000000008de00000, 0x000000008df00000|  0%| F|  |TAMS 0x000000008de00000, 0x000000008de00000| Untracked 
| 223|0x000000008df00000, 0x000000008df00000, 0x000000008e000000|  0%| F|  |TAMS 0x000000008df00000, 0x000000008df00000| Untracked 
| 224|0x000000008e000000, 0x000000008e000000, 0x000000008e100000|  0%| F|  |TAMS 0x000000008e000000, 0x000000008e000000| Untracked 
| 225|0x000000008e100000, 0x000000008e1a6618, 0x000000008e200000| 64%| E|  |TAMS 0x000000008e100000, 0x000000008e100000| Complete 
| 226|0x000000008e200000, 0x000000008e300000, 0x000000008e300000|100%| E|  |TAMS 0x000000008e200000, 0x000000008e200000| Complete 
| 227|0x000000008e300000, 0x000000008e400000, 0x000000008e400000|100%| E|CS|TAMS 0x000000008e300000, 0x000000008e300000| Complete 
| 228|0x000000008e400000, 0x000000008e500000, 0x000000008e500000|100%| E|CS|TAMS 0x000000008e400000, 0x000000008e400000| Complete 
| 229|0x000000008e500000, 0x000000008e600000, 0x000000008e600000|100%| E|CS|TAMS 0x000000008e500000, 0x000000008e500000| Complete 
| 230|0x000000008e600000, 0x000000008e700000, 0x000000008e700000|100%| E|CS|TAMS 0x000000008e600000, 0x000000008e600000| Complete 
| 231|0x000000008e700000, 0x000000008e800000, 0x000000008e800000|100%| E|CS|TAMS 0x000000008e700000, 0x000000008e700000| Complete 
| 232|0x000000008e800000, 0x000000008e900000, 0x000000008e900000|100%| E|CS|TAMS 0x000000008e800000, 0x000000008e800000| Complete 
| 233|0x000000008e900000, 0x000000008ea00000, 0x000000008ea00000|100%| E|CS|TAMS 0x000000008e900000, 0x000000008e900000| Complete 
| 234|0x000000008ea00000, 0x000000008eb00000, 0x000000008eb00000|100%| E|CS|TAMS 0x000000008ea00000, 0x000000008ea00000| Complete 
| 235|0x000000008eb00000, 0x000000008ec00000, 0x000000008ec00000|100%| E|CS|TAMS 0x000000008eb00000, 0x000000008eb00000| Complete 
| 236|0x000000008ec00000, 0x000000008ed00000, 0x000000008ed00000|100%| E|CS|TAMS 0x000000008ec00000, 0x000000008ec00000| Complete 
| 237|0x000000008ed00000, 0x000000008ee00000, 0x000000008ee00000|100%| E|CS|TAMS 0x000000008ed00000, 0x000000008ed00000| Complete 
| 238|0x000000008ee00000, 0x000000008ef00000, 0x000000008ef00000|100%| E|CS|TAMS 0x000000008ee00000, 0x000000008ee00000| Complete 
| 239|0x000000008ef00000, 0x000000008f000000, 0x000000008f000000|100%| E|CS|TAMS 0x000000008ef00000, 0x000000008ef00000| Complete 
| 240|0x000000008f000000, 0x000000008f100000, 0x000000008f100000|100%| E|CS|TAMS 0x000000008f000000, 0x000000008f000000| Complete 
| 241|0x000000008f100000, 0x000000008f200000, 0x000000008f200000|100%| E|CS|TAMS 0x000000008f100000, 0x000000008f100000| Complete 
| 242|0x000000008f200000, 0x000000008f300000, 0x000000008f300000|100%| E|CS|TAMS 0x000000008f200000, 0x000000008f200000| Complete 
| 243|0x000000008f300000, 0x000000008f400000, 0x000000008f400000|100%| E|CS|TAMS 0x000000008f300000, 0x000000008f300000| Complete 
| 244|0x000000008f400000, 0x000000008f500000, 0x000000008f500000|100%| E|CS|TAMS 0x000000008f400000, 0x000000008f400000| Complete 
| 245|0x000000008f500000, 0x000000008f600000, 0x000000008f600000|100%| E|CS|TAMS 0x000000008f500000, 0x000000008f500000| Complete 
| 246|0x000000008f600000, 0x000000008f700000, 0x000000008f700000|100%| E|CS|TAMS 0x000000008f600000, 0x000000008f600000| Complete 
| 247|0x000000008f700000, 0x000000008f800000, 0x000000008f800000|100%| E|CS|TAMS 0x000000008f700000, 0x000000008f700000| Complete 
| 248|0x000000008f800000, 0x000000008f900000, 0x000000008f900000|100%| E|CS|TAMS 0x000000008f800000, 0x000000008f800000| Complete 
| 249|0x000000008f900000, 0x000000008fa00000, 0x000000008fa00000|100%| E|CS|TAMS 0x000000008f900000, 0x000000008f900000| Complete 
| 250|0x000000008fa00000, 0x000000008fb00000, 0x000000008fb00000|100%| E|CS|TAMS 0x000000008fa00000, 0x000000008fa00000| Complete 
| 251|0x000000008fb00000, 0x000000008fc00000, 0x000000008fc00000|100%| E|CS|TAMS 0x000000008fb00000, 0x000000008fb00000| Complete 
| 252|0x000000008fc00000, 0x000000008fd00000, 0x000000008fd00000|100%| E|CS|TAMS 0x000000008fc00000, 0x000000008fc00000| Complete 
| 253|0x000000008fd00000, 0x000000008fe00000, 0x000000008fe00000|100%| E|CS|TAMS 0x000000008fd00000, 0x000000008fd00000| Complete 
| 254|0x000000008fe00000, 0x000000008ff00000, 0x000000008ff00000|100%| E|CS|TAMS 0x000000008fe00000, 0x000000008fe00000| Complete 
| 255|0x000000008ff00000, 0x0000000090000000, 0x0000000090000000|100%| S|CS|TAMS 0x000000008ff00000, 0x000000008ff00000| Complete 
| 256|0x0000000090000000, 0x0000000090100000, 0x0000000090100000|100%| S|CS|TAMS 0x0000000090000000, 0x0000000090000000| Complete 
| 257|0x0000000090100000, 0x0000000090200000, 0x0000000090200000|100%| E|CS|TAMS 0x0000000090100000, 0x0000000090100000| Complete 
| 258|0x0000000090200000, 0x0000000090300000, 0x0000000090300000|100%| E|CS|TAMS 0x0000000090200000, 0x0000000090200000| Complete 
| 259|0x0000000090300000, 0x0000000090400000, 0x0000000090400000|100%| E|CS|TAMS 0x0000000090300000, 0x0000000090300000| Complete 
| 260|0x0000000090400000, 0x0000000090500000, 0x0000000090500000|100%| E|CS|TAMS 0x0000000090400000, 0x0000000090400000| Complete 
| 261|0x0000000090500000, 0x0000000090600000, 0x0000000090600000|100%| E|CS|TAMS 0x0000000090500000, 0x0000000090500000| Complete 
| 262|0x0000000090600000, 0x0000000090700000, 0x0000000090700000|100%| O|  |TAMS 0x0000000090700000, 0x0000000090600000| Untracked 
| 263|0x0000000090700000, 0x0000000090800000, 0x0000000090800000|100%| O|  |TAMS 0x0000000090800000, 0x0000000090700000| Untracked 
| 264|0x0000000090800000, 0x0000000090900000, 0x0000000090900000|100%| E|CS|TAMS 0x0000000090800000, 0x0000000090800000| Complete 
| 265|0x0000000090900000, 0x0000000090a00000, 0x0000000090a00000|100%| E|CS|TAMS 0x0000000090900000, 0x0000000090900000| Complete 

Card table byte_map: [0x000002b075c50000,0x000002b076050000] _byte_map_base: 0x000002b075850000

Marking Bits (Prev, Next): (CMBitMap*) 0x000002b071a43ec0, (CMBitMap*) 0x000002b071a43e88
 Prev Bits: [0x000002b078450000, 0x000002b07a450000)
 Next Bits: [0x000002b076450000, 0x000002b078450000)

Polling page: 0x000002b06fb80000

Metaspace:

Usage:
  Non-class:     93.49 MB capacity,    91.88 MB ( 98%) used,     1.29 MB (  1%) free+waste,   331.38 KB ( <1%) overhead. 
      Class:     14.35 MB capacity,    13.31 MB ( 93%) used,   917.50 KB (  6%) free+waste,   149.31 KB (  1%) overhead. 
       Both:    107.84 MB capacity,   105.19 MB ( 98%) used,     2.19 MB (  2%) free+waste,   480.69 KB ( <1%) overhead. 

Virtual space:
  Non-class space:       94.00 MB reserved,      93.65 MB (>99%) committed 
      Class space:        1.00 GB reserved,      14.50 MB (  1%) committed 
             Both:        1.09 GB reserved,     108.15 MB ( 10%) committed 

Chunk freelists:
   Non-Class:  100.00 KB
       Class:  119.00 KB
        Both:  219.00 KB

MaxMetaspaceSize: 17179869184.00 GB
CompressedClassSpaceSize: 1.00 GB
Initial GC threshold: 20.80 MB
Current GC threshold: 172.75 MB
CDS: off

CodeHeap 'non-profiled nmethods': size=120000Kb used=9059Kb max_used=9059Kb free=110940Kb
 bounds [0x000002b007ad0000, 0x000002b0083b0000, 0x000002b00f000000]
CodeHeap 'profiled nmethods': size=120000Kb used=29195Kb max_used=29195Kb free=90804Kb
 bounds [0x000002b0005a0000, 0x000002b002230000, 0x000002b007ad0000]
CodeHeap 'non-nmethods': size=5760Kb used=2430Kb max_used=2487Kb free=3329Kb
 bounds [0x000002b000000000, 0x000002b000280000, 0x000002b0005a0000]
 total_blobs=14734 nmethods=13779 adapters=867
 compilation: enabled
              stopped_count=0, restarted_count=0
 full_count=0

Compilation events (20 events):
Event: 14.148 Thread 0x000002b07d78e000 nmethod 13902 0x000002b0021f1810 code [0x000002b0021f1ca0, 0x000002b0021f4eb8]
Event: 14.148 Thread 0x000002b07d78e000 13905       3       org.gradle.api.internal.artifacts.transform.ConsumerProvidedVariantFinder::findProducersFor (343 bytes)
Event: 14.149 Thread 0x000002b07d782800 nmethod 13903 0x000002b0083a2490 code [0x000002b0083a2640, 0x000002b0083a2758]
Event: 14.149 Thread 0x000002b07d782800 13883       4       com.google.common.collect.ImmutableMap::entrySet (23 bytes)
Event: 14.151 Thread 0x000002b07d78e000 nmethod 13905 0x000002b0021f6790 code [0x000002b0021f6d60, 0x000002b0021fa1e8]
Event: 14.151 Thread 0x000002b07d782800 nmethod 13883 0x000002b0083a2910 code [0x000002b0083a2aa0, 0x000002b0083a2bf8]
Event: 14.151 Thread 0x000002b07d782800 13844   !   4       com.google.common.collect.RegularImmutableSortedSet::indexOf (35 bytes)
Event: 14.151 Thread 0x000002b07d78e000 13906       3       org.gradle.internal.component.model.ComponentConfigurationIdentifier::hashCode (16 bytes)
Event: 14.151 Thread 0x000002b07d78e000 nmethod 13906 0x000002b0021fb490 code [0x000002b0021fb660, 0x000002b0021fb878]
Event: 14.151 Thread 0x000002b07d78e000 13908       3       org.gradle.api.internal.artifacts.ivyservice.resolveengine.artifact.DefaultArtifactSet::asTransformed (40 bytes)
Event: 14.152 Thread 0x000002b07d78e000 nmethod 13908 0x000002b0021fb990 code [0x000002b0021fbb80, 0x000002b0021fbfb8]
Event: 14.152 Thread 0x000002b07d78e000 13909       3       org.gradle.api.internal.artifacts.transform.DefaultTransformedVariantFactory::transformedExternalArtifacts (14 bytes)
Event: 14.152 Thread 0x000002b07d78e000 nmethod 13909 0x000002b0021fc190 code [0x000002b0021fc340, 0x000002b0021fc488]
Event: 14.152 Thread 0x000002b07d78e000 13910       3       org.gradle.api.internal.artifacts.transform.DefaultTransformedVariantFactory::locateOrCreate (150 bytes)
Event: 14.153 Thread 0x000002b07d782800 nmethod 13844 0x000002b0083a2c90 code [0x000002b0083a2e40, 0x000002b0083a2f48]
Event: 14.153 Thread 0x000002b07d782800 13897       4       java.io.ObjectStreamField::getSignature (39 bytes)
Event: 14.153 Thread 0x000002b07d78e000 nmethod 13910 0x000002b0021fc590 code [0x000002b0021fc800, 0x000002b0021fd4a8]
Event: 14.153 Thread 0x000002b07d78e000 13911       3       org.gradle.api.internal.artifacts.transform.DefaultTransformedVariantFactory$VariantKey::<init> (15 bytes)
Event: 14.153 Thread 0x000002b07d78e000 nmethod 13911 0x000002b0021fd910 code [0x000002b0021fdac0, 0x000002b0021fdcd8]
Event: 14.153 Thread 0x000002b07d78e000 13913       3       org.gradle.internal.operations.DefaultBuildOperationExecutor$$Lambda$596/0x000000010068f040::execute (11 bytes)

GC Heap History (20 events):
Event: 9.550 GC heap before
{Heap before GC invocations=11 (full 0):
 garbage-first heap   total 260096K, used 196837K [0x0000000080000000, 0x0000000100000000)
  region size 1024K, 146 young (149504K), 12 survivors (12288K)
 Metaspace       used 81667K, capacity 83538K, committed 83612K, reserved 1122304K
  class space    used 10687K, capacity 11469K, committed 11520K, reserved 1048576K
}
Event: 9.564 GC heap after
{Heap after GC invocations=12 (full 0):
 garbage-first heap   total 260096K, used 68454K [0x0000000080000000, 0x0000000100000000)
  region size 1024K, 9 young (9216K), 9 survivors (9216K)
 Metaspace       used 81667K, capacity 83538K, committed 83612K, reserved 1122304K
  class space    used 10687K, capacity 11469K, committed 11520K, reserved 1048576K
}
Event: 10.482 GC heap before
{Heap before GC invocations=12 (full 0):
 garbage-first heap   total 260096K, used 201574K [0x0000000080000000, 0x0000000100000000)
  region size 1024K, 140 young (143360K), 9 survivors (9216K)
 Metaspace       used 88117K, capacity 90403K, committed 90652K, reserved 1128448K
  class space    used 11506K, capacity 12387K, committed 12416K, reserved 1048576K
}
Event: 10.495 GC heap after
{Heap after GC invocations=13 (full 0):
 garbage-first heap   total 260096K, used 81343K [0x0000000080000000, 0x0000000100000000)
  region size 1024K, 18 young (18432K), 18 survivors (18432K)
 Metaspace       used 88117K, capacity 90403K, committed 90652K, reserved 1128448K
  class space    used 11506K, capacity 12387K, committed 12416K, reserved 1048576K
}
Event: 11.508 GC heap before
{Heap before GC invocations=13 (full 0):
 garbage-first heap   total 260096K, used 201151K [0x0000000080000000, 0x0000000100000000)
  region size 1024K, 136 young (139264K), 18 survivors (18432K)
 Metaspace       used 92738K, capacity 95425K, committed 95516K, reserved 1132544K
  class space    used 12080K, capacity 13094K, committed 13184K, reserved 1048576K
}
Event: 11.527 GC heap after
{Heap after GC invocations=14 (full 0):
 garbage-first heap   total 260096K, used 94984K [0x0000000080000000, 0x0000000100000000)
  region size 1024K, 13 young (13312K), 13 survivors (13312K)
 Metaspace       used 92738K, capacity 95425K, committed 95516K, reserved 1132544K
  class space    used 12080K, capacity 13094K, committed 13184K, reserved 1048576K
}
Event: 12.520 GC heap before
{Heap before GC invocations=14 (full 0):
 garbage-first heap   total 260096K, used 237320K [0x0000000080000000, 0x0000000100000000)
  region size 1024K, 119 young (121856K), 13 survivors (13312K)
 Metaspace       used 96630K, capacity 99470K, committed 99612K, reserved 1134592K
  class space    used 12554K, capacity 13638K, committed 13696K, reserved 1048576K
}
Event: 12.537 GC heap after
{Heap after GC invocations=15 (full 0):
 garbage-first heap   total 272384K, used 117465K [0x0000000080000000, 0x0000000100000000)
  region size 1024K, 15 young (15360K), 15 survivors (15360K)
 Metaspace       used 96630K, capacity 99470K, committed 99612K, reserved 1134592K
  class space    used 12554K, capacity 13638K, committed 13696K, reserved 1048576K
}
Event: 12.677 GC heap before
{Heap before GC invocations=15 (full 0):
 garbage-first heap   total 272384K, used 143065K [0x0000000080000000, 0x0000000100000000)
  region size 1024K, 42 young (43008K), 15 survivors (15360K)
 Metaspace       used 98070K, capacity 100838K, committed 100956K, reserved 1136640K
  class space    used 12683K, capacity 13762K, committed 13824K, reserved 1048576K
}
Event: 12.691 GC heap after
{Heap after GC invocations=16 (full 0):
 garbage-first heap   total 272384K, used 124652K [0x0000000080000000, 0x0000000100000000)
  region size 1024K, 6 young (6144K), 6 survivors (6144K)
 Metaspace       used 98070K, capacity 100838K, committed 100956K, reserved 1136640K
  class space    used 12683K, capacity 13762K, committed 13824K, reserved 1048576K
}
Event: 13.060 GC heap before
{Heap before GC invocations=17 (full 0):
 garbage-first heap   total 272384K, used 174435K [0x0000000080000000, 0x0000000100000000)
  region size 1024K, 69 young (70656K), 6 survivors (6144K)
 Metaspace       used 100480K, capacity 103158K, committed 103836K, reserved 1138688K
  class space    used 12809K, capacity 13800K, committed 14080K, reserved 1048576K
}
Event: 13.064 GC heap after
{Heap after GC invocations=18 (full 0):
 garbage-first heap   total 272384K, used 111439K [0x0000000080000000, 0x0000000100000000)
  region size 1024K, 6 young (6144K), 6 survivors (6144K)
 Metaspace       used 100480K, capacity 103158K, committed 103836K, reserved 1138688K
  class space    used 12809K, capacity 13800K, committed 14080K, reserved 1048576K
}
Event: 13.089 GC heap before
{Heap before GC invocations=18 (full 0):
 garbage-first heap   total 272384K, used 118607K [0x0000000080000000, 0x0000000100000000)
  region size 1024K, 13 young (13312K), 6 survivors (6144K)
 Metaspace       used 100612K, capacity 103254K, committed 104092K, reserved 1138688K
  class space    used 12828K, capacity 13832K, committed 14080K, reserved 1048576K
}
Event: 13.092 GC heap after
{Heap after GC invocations=19 (full 0):
 garbage-first heap   total 272384K, used 106778K [0x0000000080000000, 0x0000000100000000)
  region size 1024K, 2 young (2048K), 2 survivors (2048K)
 Metaspace       used 100612K, capacity 103254K, committed 104092K, reserved 1138688K
  class space    used 12828K, capacity 13832K, committed 14080K, reserved 1048576K
}
Event: 13.392 GC heap before
{Heap before GC invocations=19 (full 0):
 garbage-first heap   total 272384K, used 184602K [0x0000000080000000, 0x0000000100000000)
  region size 1024K, 79 young (80896K), 2 survivors (2048K)
 Metaspace       used 102250K, capacity 104931K, committed 105500K, reserved 1140736K
  class space    used 12991K, capacity 14015K, committed 14208K, reserved 1048576K
}
Event: 13.398 GC heap after
{Heap after GC invocations=20 (full 0):
 garbage-first heap   total 272384K, used 110554K [0x0000000080000000, 0x0000000100000000)
  region size 1024K, 5 young (5120K), 5 survivors (5120K)
 Metaspace       used 102250K, capacity 104931K, committed 105500K, reserved 1140736K
  class space    used 12991K, capacity 14015K, committed 14208K, reserved 1048576K
}
Event: 13.883 GC heap before
{Heap before GC invocations=21 (full 0):
 garbage-first heap   total 272384K, used 193498K [0x0000000080000000, 0x0000000100000000)
  region size 1024K, 87 young (89088K), 5 survivors (5120K)
 Metaspace       used 106208K, capacity 108935K, committed 109596K, reserved 1144832K
  class space    used 13461K, capacity 14467K, committed 14720K, reserved 1048576K
}
Event: 13.889 GC heap after
{Heap after GC invocations=22 (full 0):
 garbage-first heap   total 272384K, used 113352K [0x0000000080000000, 0x0000000100000000)
  region size 1024K, 8 young (8192K), 8 survivors (8192K)
 Metaspace       used 106208K, capacity 108935K, committed 109596K, reserved 1144832K
  class space    used 13461K, capacity 14467K, committed 14720K, reserved 1048576K
}
Event: 13.928 GC heap before
{Heap before GC invocations=22 (full 0):
 garbage-first heap   total 272384K, used 118472K [0x0000000080000000, 0x0000000100000000)
  region size 1024K, 13 young (13312K), 8 survivors (8192K)
 Metaspace       used 106369K, capacity 109095K, committed 109596K, reserved 1144832K
  class space    used 13479K, capacity 14499K, committed 14720K, reserved 1048576K
}
Event: 13.934 GC heap after
{Heap after GC invocations=23 (full 0):
 garbage-first heap   total 272384K, used 112203K [0x0000000080000000, 0x0000000100000000)
  region size 1024K, 2 young (2048K), 2 survivors (2048K)
 Metaspace       used 106369K, capacity 109095K, committed 109596K, reserved 1144832K
  class space    used 13479K, capacity 14499K, committed 14720K, reserved 1048576K
}

Deoptimization events (20 events):
Event: 14.121 Thread 0x000002b01275f800 Uncommon trap: trap_request=0xffffff4d fr.pc=0x000002b007e13e64 relative=0x0000000000000304
Event: 14.121 Thread 0x000002b01275f800 Uncommon trap: reason=unstable_if action=reinterpret pc=0x000002b007e13e64 method=java.util.concurrent.ConcurrentHashMap.addCount(JI)V @ 168 c2
Event: 14.121 Thread 0x000002b01275f800 DEOPT PACKING pc=0x000002b007e13e64 sp=0x000000c496bfdb60
Event: 14.121 Thread 0x000002b01275f800 DEOPT UNPACKING pc=0x000002b0000085af sp=0x000000c496bfdaa0 mode 2
Event: 14.121 Thread 0x000002b01275f800 Uncommon trap: trap_request=0xffffff4d fr.pc=0x000002b007b8d154 relative=0x0000000000000ff4
Event: 14.121 Thread 0x000002b01275f800 Uncommon trap: reason=unstable_if action=reinterpret pc=0x000002b007b8d154 method=java.util.concurrent.ConcurrentHashMap.transfer([Ljava/util/concurrent/ConcurrentHashMap$Node;[Ljava/util/concurrent/ConcurrentHashMap$Node;)V @ 347 c2
Event: 14.121 Thread 0x000002b01275f800 DEOPT PACKING pc=0x000002b007b8d154 sp=0x000000c496bfd9d0
Event: 14.121 Thread 0x000002b01275f800 DEOPT UNPACKING pc=0x000002b0000085af sp=0x000000c496bfd958 mode 2
Event: 14.121 Thread 0x000002b00f979800 Uncommon trap: trap_request=0xffffff4d fr.pc=0x000002b008250634 relative=0x00000000000015d4
Event: 14.121 Thread 0x000002b00f979800 Uncommon trap: reason=unstable_if action=reinterpret pc=0x000002b008250634 method=java.util.concurrent.ConcurrentHashMap.putVal(Ljava/lang/Object;Ljava/lang/Object;Z)Ljava/lang/Object; @ 112 c2
Event: 14.121 Thread 0x000002b00f979800 DEOPT PACKING pc=0x000002b008250634 sp=0x000000c498efdce0
Event: 14.121 Thread 0x000002b00f979800 DEOPT UNPACKING pc=0x000002b0000085af sp=0x000000c498efdc80 mode 2
Event: 14.122 Thread 0x000002b00f970000 Uncommon trap: trap_request=0xffffff4d fr.pc=0x000002b007e13e64 relative=0x0000000000000304
Event: 14.122 Thread 0x000002b00f970000 Uncommon trap: reason=unstable_if action=reinterpret pc=0x000002b007e13e64 method=java.util.concurrent.ConcurrentHashMap.addCount(JI)V @ 168 c2
Event: 14.122 Thread 0x000002b00f970000 DEOPT PACKING pc=0x000002b007e13e64 sp=0x000000c4985fdc90
Event: 14.122 Thread 0x000002b00f970000 DEOPT UNPACKING pc=0x000002b0000085af sp=0x000000c4985fdbd0 mode 2
Event: 14.126 Thread 0x000002b012356800 Uncommon trap: trap_request=0xffffffc6 fr.pc=0x000002b007f8f508 relative=0x00000000000000c8
Event: 14.126 Thread 0x000002b012356800 Uncommon trap: reason=bimorphic_or_optimized_type_check action=maybe_recompile pc=0x000002b007f8f508 method=com.google.common.collect.RegularImmutableMap.checkNoConflictInKeyBucket(Ljava/lang/Object;Ljava/util/Map$Entry;Lcom/google/common/collect/Immutabl
Event: 14.126 Thread 0x000002b012356800 DEOPT PACKING pc=0x000002b007f8f508 sp=0x000000c49b4fcf90
Event: 14.126 Thread 0x000002b012356800 DEOPT UNPACKING pc=0x000002b0000085af sp=0x000000c49b4fcf38 mode 2

Classes redefined (0 events):
No events

Internal exceptions (20 events):
Event: 12.706 Thread 0x000002b012353800 Exception <a 'sun/nio/fs/WindowsException'{0x0000000090106e78}> (0x0000000090106e78) thrown at [src/hotspot/share/prims/jni.cpp, line 617]
Event: 12.707 Thread 0x000002b012353800 Exception <a 'sun/nio/fs/WindowsException'{0x0000000090107e98}> (0x0000000090107e98) thrown at [src/hotspot/share/prims/jni.cpp, line 617]
Event: 12.827 Thread 0x000002b012353800 Exception <a 'sun/nio/fs/WindowsException'{0x00000000902548d0}> (0x00000000902548d0) thrown at [src/hotspot/share/prims/jni.cpp, line 617]
Event: 12.827 Thread 0x000002b012353800 Exception <a 'sun/nio/fs/WindowsException'{0x0000000090255730}> (0x0000000090255730) thrown at [src/hotspot/share/prims/jni.cpp, line 617]
Event: 13.135 Thread 0x000002b012356000 Exception <a 'java/lang/NoSuchMethodError'{0x000000008f7ed2c0}: <clinit>> (0x000000008f7ed2c0) thrown at [src/hotspot/share/prims/jni.cpp, line 1367]
Event: 13.148 Thread 0x000002b012353800 Exception <a 'sun/nio/fs/WindowsException'{0x000000008f293db8}> (0x000000008f293db8) thrown at [src/hotspot/share/prims/jni.cpp, line 617]
Event: 13.148 Thread 0x000002b012353800 Exception <a 'sun/nio/fs/WindowsException'{0x000000008f294c18}> (0x000000008f294c18) thrown at [src/hotspot/share/prims/jni.cpp, line 617]
Event: 13.215 Thread 0x000002b012353800 Exception <a 'sun/nio/fs/WindowsException'{0x000000008e4fc6b8}> (0x000000008e4fc6b8) thrown at [src/hotspot/share/prims/jni.cpp, line 617]
Event: 13.215 Thread 0x000002b012353800 Exception <a 'sun/nio/fs/WindowsException'{0x000000008e4fd518}> (0x000000008e4fd518) thrown at [src/hotspot/share/prims/jni.cpp, line 617]
Event: 13.307 Thread 0x000002b012357800 Exception <a 'sun/nio/fs/WindowsException'{0x000000008cb593c0}> (0x000000008cb593c0) thrown at [src/hotspot/share/prims/jni.cpp, line 617]
Event: 13.307 Thread 0x000002b012357800 Exception <a 'sun/nio/fs/WindowsException'{0x000000008cb7f0c8}> (0x000000008cb7f0c8) thrown at [src/hotspot/share/prims/jni.cpp, line 617]
Event: 13.307 Thread 0x000002b012357800 Exception <a 'sun/nio/fs/WindowsException'{0x000000008cb7f370}> (0x000000008cb7f370) thrown at [src/hotspot/share/prims/jni.cpp, line 617]
Event: 13.307 Thread 0x000002b012357800 Exception <a 'sun/nio/fs/WindowsException'{0x000000008cb801d8}> (0x000000008cb801d8) thrown at [src/hotspot/share/prims/jni.cpp, line 617]
Event: 13.307 Thread 0x000002b012357800 Exception <a 'sun/nio/fs/WindowsException'{0x000000008cb80460}> (0x000000008cb80460) thrown at [src/hotspot/share/prims/jni.cpp, line 617]
Event: 13.307 Thread 0x000002b012357800 Exception <a 'sun/nio/fs/WindowsException'{0x000000008cb81568}> (0x000000008cb81568) thrown at [src/hotspot/share/prims/jni.cpp, line 617]
Event: 13.449 Thread 0x000002b012357800 Implicit null exception at 0x000002b007e9baf4 to 0x000002b007e9c158
Event: 14.075 Thread 0x000002b012354000 Exception <a 'sun/nio/fs/WindowsException'{0x000000008f5565f8}> (0x000000008f5565f8) thrown at [src/hotspot/share/prims/jni.cpp, line 617]
Event: 14.075 Thread 0x000002b012354000 Exception <a 'sun/nio/fs/WindowsException'{0x000000008f5574f0}> (0x000000008f5574f0) thrown at [src/hotspot/share/prims/jni.cpp, line 617]
Event: 14.083 Thread 0x000002b015d7a800 Exception <a 'sun/nio/fs/WindowsException'{0x000000008f5f4cc8}> (0x000000008f5f4cc8) thrown at [src/hotspot/share/prims/jni.cpp, line 617]
Event: 14.097 Thread 0x000002b012351000 Exception <a 'java/lang/NoSuchMethodError'{0x000000008f4fa0c8}: <clinit>> (0x000000008f4fa0c8) thrown at [src/hotspot/share/prims/jni.cpp, line 1367]

Events (20 events):
Event: 14.095 loading class com/android/ide/common/resources/MergedAssetWriter$AssetWorkParameters
Event: 14.095 loading class com/android/ide/common/resources/MergedAssetWriter$AssetWorkParameters done
Event: 14.114 Executing VM operation: RevokeBias
Event: 14.114 Executing VM operation: RevokeBias done
Event: 14.116 Executing VM operation: BulkRevokeBias
Event: 14.118 Executing VM operation: BulkRevokeBias done
Event: 14.135 loading class com/android/build/gradle/internal/tasks/CompressAssetsDelegate
Event: 14.135 loading class com/android/build/gradle/internal/tasks/CompressAssetsDelegate done
Event: 14.136 loading class com/android/builder/packaging/PackagingUtils
Event: 14.136 loading class com/android/builder/packaging/PackagingUtils done
Event: 14.137 loading class com/android/tools/build/apkzlib/zfile/NativeLibrariesPackagingMode
Event: 14.137 loading class com/android/tools/build/apkzlib/zfile/NativeLibrariesPackagingMode done
Event: 14.137 loading class com/android/builder/packaging/DexPackagingMode
Event: 14.137 loading class com/android/builder/packaging/DexPackagingMode done
Event: 14.138 loading class org/gradle/internal/fingerprint/CurrentFileCollectionFingerprint
Event: 14.138 loading class org/gradle/internal/fingerprint/CurrentFileCollectionFingerprint done
Event: 14.138 loading class org/gradle/internal/fingerprint/CurrentFileCollectionFingerprint
Event: 14.138 loading class org/gradle/internal/fingerprint/CurrentFileCollectionFingerprint done
Event: 14.141 Executing VM operation: RevokeBias
Event: 14.141 Executing VM operation: RevokeBias done


Dynamic libraries:
0x00007ff63f9f0000 - 0x00007ff63f9fa000 	C:\Program Files\Android\Android Studio\jbr\bin\java.exe
0x00007ffb81c20000 - 0x00007ffb81e10000 	C:\Windows\SYSTEM32\ntdll.dll
0x00007ffb81440000 - 0x00007ffb814f2000 	C:\Windows\System32\KERNEL32.DLL
0x00007ffb7f5b0000 - 0x00007ffb7f853000 	C:\Windows\System32\KERNELBASE.dll
0x00007ffb7fc10000 - 0x00007ffb7fd0a000 	C:\Windows\System32\ucrtbase.dll
0x00007ffb664c0000 - 0x00007ffb664db000 	C:\Program Files\Android\Android Studio\jbr\bin\VCRUNTIME140.dll
0x00007ffb79710000 - 0x00007ffb79727000 	C:\Program Files\Android\Android Studio\jbr\bin\jli.dll
0x00007ffb80d10000 - 0x00007ffb80ea4000 	C:\Windows\System32\USER32.dll
0x00007ffb69d10000 - 0x00007ffb69f95000 	C:\Windows\WinSxS\amd64_microsoft.windows.common-controls_6595b64144ccf1df_6.0.18362.535_none_e6c3b34713100821\COMCTL32.dll
0x00007ffb7f8c0000 - 0x00007ffb7f8e1000 	C:\Windows\System32\win32u.dll
0x00007ffb811b0000 - 0x00007ffb811d6000 	C:\Windows\System32\GDI32.dll
0x00007ffb7ec90000 - 0x00007ffb7ee24000 	C:\Windows\System32\gdi32full.dll
0x00007ffb7f920000 - 0x00007ffb7f9be000 	C:\Windows\System32\msvcp_win.dll
0x00007ffb816e0000 - 0x00007ffb8177e000 	C:\Windows\System32\msvcrt.dll
0x00007ffb81880000 - 0x00007ffb81bb6000 	C:\Windows\System32\combase.dll
0x00007ffb81320000 - 0x00007ffb81440000 	C:\Windows\System32\RPCRT4.dll
0x00007ffb7ec10000 - 0x00007ffb7ec90000 	C:\Windows\System32\bcryptPrimitives.dll
0x00007ffb81780000 - 0x00007ffb817ae000 	C:\Windows\System32\IMM32.DLL
0x00007ffb79990000 - 0x00007ffb7999c000 	C:\Program Files\Android\Android Studio\jbr\bin\vcruntime140_1.dll
0x00007ffb66430000 - 0x00007ffb664bd000 	C:\Program Files\Android\Android Studio\jbr\bin\msvcp140.dll
0x00007ffb31690000 - 0x00007ffb3224c000 	C:\Program Files\Android\Android Studio\jbr\bin\server\jvm.dll
0x00007ffb80230000 - 0x00007ffb802d3000 	C:\Windows\System32\ADVAPI32.dll
0x00007ffb81280000 - 0x00007ffb81317000 	C:\Windows\System32\sechost.dll
0x00007ffb81270000 - 0x00007ffb81278000 	C:\Windows\System32\PSAPI.DLL
0x00007ffb733b0000 - 0x00007ffb733b9000 	C:\Windows\SYSTEM32\WSOCK32.dll
0x00007ffb7c890000 - 0x00007ffb7c8b4000 	C:\Windows\SYSTEM32\WINMM.dll
0x00007ffb75f40000 - 0x00007ffb75f4a000 	C:\Windows\SYSTEM32\VERSION.dll
0x00007ffb7c850000 - 0x00007ffb7c87d000 	C:\Windows\SYSTEM32\WINMMBASE.dll
0x00007ffb7fbc0000 - 0x00007ffb7fc0a000 	C:\Windows\System32\cfgmgr32.dll
0x00007ffb80a40000 - 0x00007ffb80aaf000 	C:\Windows\System32\WS2_32.dll
0x00007ffb7eb40000 - 0x00007ffb7eb51000 	C:\Windows\System32\kernel.appcore.dll
0x00007ffb79a30000 - 0x00007ffb79a40000 	C:\Program Files\Android\Android Studio\jbr\bin\verify.dll
0x00007ffb7d440000 - 0x00007ffb7d634000 	C:\Windows\SYSTEM32\DBGHELP.DLL
0x00007ffb73430000 - 0x00007ffb7345a000 	C:\Windows\SYSTEM32\dbgcore.DLL
0x00007ffb794c0000 - 0x00007ffb794e8000 	C:\Program Files\Android\Android Studio\jbr\bin\java.dll
0x00007ffb79a20000 - 0x00007ffb79a2a000 	C:\Program Files\Android\Android Studio\jbr\bin\jimage.dll
0x00007ffb76350000 - 0x00007ffb76368000 	C:\Program Files\Android\Android Studio\jbr\bin\zip.dll
0x00007ffb80350000 - 0x00007ffb80a35000 	C:\Windows\System32\SHELL32.dll
0x00007ffb80180000 - 0x00007ffb80229000 	C:\Windows\System32\shcore.dll
0x00007ffb7ee30000 - 0x00007ffb7f5af000 	C:\Windows\System32\windows.storage.dll
0x00007ffb7ebd0000 - 0x00007ffb7ebef000 	C:\Windows\System32\profapi.dll
0x00007ffb7eb60000 - 0x00007ffb7ebaa000 	C:\Windows\System32\powrprof.dll
0x00007ffb7eb30000 - 0x00007ffb7eb40000 	C:\Windows\System32\UMPDC.dll
0x00007ffb802e0000 - 0x00007ffb80332000 	C:\Windows\System32\shlwapi.dll
0x00007ffb7ebf0000 - 0x00007ffb7ec07000 	C:\Windows\System32\cryptsp.dll
0x00007ffb73d70000 - 0x00007ffb73d89000 	C:\Program Files\Android\Android Studio\jbr\bin\net.dll
0x00007ffb69a40000 - 0x00007ffb69b30000 	C:\Windows\SYSTEM32\WINHTTP.dll
0x00007ffb7e340000 - 0x00007ffb7e3a7000 	C:\Windows\system32\mswsock.dll
0x00007ffb73720000 - 0x00007ffb73733000 	C:\Program Files\Android\Android Studio\jbr\bin\nio.dll
0x00007ffb5d4c0000 - 0x00007ffb5d4e7000 	C:\Users\ACER\.gradle\native\e1d6ef7f7dcc3fd88c89a11ec53ec762bb8ba0a96d01ffa2cd45eb1d1d8dd5c5\windows-amd64\native-platform.dll
0x00007ffb4cde0000 - 0x00007ffb4cf24000 	C:\Users\ACER\.gradle\native\0d407fdbe67a94daf76414ababcb853783967236a71b16ec16e742cd7a986fd3\windows-amd64\native-platform-file-events.dll
0x00007ffb794b0000 - 0x00007ffb794ba000 	C:\Program Files\Android\Android Studio\jbr\bin\management.dll
0x00007ffb74070000 - 0x00007ffb7407b000 	C:\Program Files\Android\Android Studio\jbr\bin\management_ext.dll
0x00007ffb7deb0000 - 0x00007ffb7dee3000 	C:\Windows\system32\rsaenh.dll
0x00007ffb7f8f0000 - 0x00007ffb7f916000 	C:\Windows\System32\bcrypt.dll
0x00007ffb7ea50000 - 0x00007ffb7ea75000 	C:\Windows\SYSTEM32\USERENV.dll
0x00007ffb7e510000 - 0x00007ffb7e51c000 	C:\Windows\SYSTEM32\CRYPTBASE.dll
0x00007ffb7e050000 - 0x00007ffb7e08a000 	C:\Windows\SYSTEM32\IPHLPAPI.DLL
0x00007ffb80340000 - 0x00007ffb80348000 	C:\Windows\System32\NSI.dll
0x00007ffb6b9d0000 - 0x00007ffb6b9e6000 	C:\Windows\SYSTEM32\dhcpcsvc6.DLL
0x00007ffb71240000 - 0x00007ffb7125c000 	C:\Windows\SYSTEM32\dhcpcsvc.DLL
0x00007ffb7e090000 - 0x00007ffb7e15a000 	C:\Windows\SYSTEM32\DNSAPI.dll
0x00007ffb5d1f0000 - 0x00007ffb5d206000 	C:\Windows\system32\napinsp.dll
0x00007ffb5d0c0000 - 0x00007ffb5d0da000 	C:\Windows\system32\pnrpnsp.dll
0x00007ffb5d1e0000 - 0x00007ffb5d1ee000 	C:\Windows\System32\winrnr.dll
0x00007ffb7ac30000 - 0x00007ffb7ac4c000 	C:\Windows\system32\NLAapi.dll
0x00007ffb7a0d0000 - 0x00007ffb7a0e5000 	C:\Windows\system32\wshbth.dll
0x00007ffb74450000 - 0x00007ffb7445a000 	C:\Windows\System32\rasadhlp.dll
0x00007ffb6b630000 - 0x00007ffb6b6a7000 	C:\Windows\System32\fwpuclnt.dll
0x00007ffb7d8f0000 - 0x00007ffb7d921000 	C:\Windows\SYSTEM32\ntmarta.dll

dbghelp: loaded successfully - version: 4.0.5 - missing functions: none
symbol engine: initialized successfully - sym options: 0x614 - pdb path: .;C:\Program Files\Android\Android Studio\jbr\bin;C:\Windows\SYSTEM32;C:\Windows\WinSxS\amd64_microsoft.windows.common-controls_6595b64144ccf1df_6.0.18362.535_none_e6c3b34713100821;C:\Program Files\Android\Android Studio\jbr\bin\server;C:\Users\ACER\.gradle\native\e1d6ef7f7dcc3fd88c89a11ec53ec762bb8ba0a96d01ffa2cd45eb1d1d8dd5c5\windows-amd64;C:\Users\ACER\.gradle\native\0d407fdbe67a94daf76414ababcb853783967236a71b16ec16e742cd7a986fd3\windows-amd64

VM Arguments:
jvm_args: --add-opens=java.base/java.util=ALL-UNNAMED --add-opens=java.base/java.lang=ALL-UNNAMED --add-opens=java.base/java.lang.invoke=ALL-UNNAMED --add-opens=java.base/java.util=ALL-UNNAMED --add-opens=java.prefs/java.util.prefs=ALL-UNNAMED --add-opens=java.prefs/java.util.prefs=ALL-UNNAMED --add-opens=java.base/java.nio.charset=ALL-UNNAMED --add-opens=java.base/java.net=ALL-UNNAMED --add-opens=java.base/java.util.concurrent.atomic=ALL-UNNAMED -Xmx2048m -Dfile.encoding=UTF-8 -Duser.country=RU -Duser.language=ru -Duser.variant 
java_command: org.gradle.launcher.daemon.bootstrap.GradleDaemon 7.5
java_class_path (initial): C:\Users\ACER\.gradle\wrapper\dists\gradle-7.5-bin\f1w0cc9nuo0eivz97x2xlu9sv\gradle-7.5\lib\gradle-launcher-7.5.jar
Launcher Type: SUN_STANDARD

[Global flags]
     intx CICompilerCount                          = 4                                         {product} {ergonomic}
     uint ConcGCThreads                            = 2                                         {product} {ergonomic}
     uint G1ConcRefinementThreads                  = 8                                         {product} {ergonomic}
   size_t G1HeapRegionSize                         = 1048576                                   {product} {ergonomic}
    uintx GCDrainStackTargetSize                   = 64                                        {product} {ergonomic}
   size_t InitialHeapSize                          = 266338304                                 {product} {ergonomic}
   size_t MarkStackSize                            = 4194304                                   {product} {ergonomic}
   size_t MaxHeapSize                              = 2147483648                                {product} {command line}
   size_t MaxNewSize                               = 1287651328                                {product} {ergonomic}
   size_t MinHeapDeltaBytes                        = 1048576                                   {product} {ergonomic}
    uintx NonNMethodCodeHeapSize                   = 5836300                                {pd product} {ergonomic}
    uintx NonProfiledCodeHeapSize                  = 122910970                              {pd product} {ergonomic}
    uintx ProfiledCodeHeapSize                     = 122910970                              {pd product} {ergonomic}
    uintx ReservedCodeCacheSize                    = 251658240                              {pd product} {ergonomic}
     bool SegmentedCodeCache                       = true                                      {product} {ergonomic}
     bool UseCompressedClassPointers               = true                                 {lp64_product} {ergonomic}
     bool UseCompressedOops                        = true                                 {lp64_product} {ergonomic}
     bool UseG1GC                                  = true                                      {product} {ergonomic}
     bool UseLargePagesIndividualAllocation        = false                                  {pd product} {ergonomic}

Logging:
Log output configuration:
 #0: stdout all=warning uptime,level,tags
 #1: stderr all=off uptime,level,tags

Environment Variables:
PATH=C:\Program Files\Common Files\Oracle\Java\javapath;C:\Windows\system32;C:\Windows;C:\Windows\System32\Wbem;C:\Windows\System32\WindowsPowerShell\v1.0\;C:\Program Files\Git\cmd;C:\Users\ACER\AppData\Local\Microsoft\WindowsApps;
USERNAME=ACER
OS=Windows_NT
PROCESSOR_IDENTIFIER=Intel64 Family 6 Model 140 Stepping 1, GenuineIntel



---------------  S Y S T E M  ---------------

OS: Windows 10 , 64 bit Build 18362 (10.0.18362.329)
OS uptime: 0 days 10:26 hours

CPU:total 8 (initial active 8) (4 cores per cpu, 2 threads per core) family 6 model 140 stepping 1 microcode 0x8a, cmov, cx8, fxsr, mmx, sse, sse2, sse3, ssse3, sse4.1, sse4.2, popcnt, avx, avx2, aes, clmul, erms, 3dnowpref, lzcnt, ht, tsc, tscinvbit, bmi1, bmi2, adx, evex, sha, fma

Memory: 4k page, system-wide physical 16163M (873M free)
TotalPageFile size 16163M (AvailPageFile size 5M)
current process WorkingSet (physical memory assigned to process): 586M, peak: 587M
current process commit charge ("private bytes"): 627M, peak: 628M

vm_info: OpenJDK 64-Bit Server VM (11.0.15+0-b2043.56-9505619) for windows-amd64 JRE (11.0.15+0-b2043.56-9505619), built on Jan 19 2023 02:48:00 by "builduser" with unknown MS VC++:1929

END.
